#
# There is insufficient memory for the Java Runtime Environment to continue.
# Native memory allocation (mmap) failed to map 253755392 bytes for Failed to commit area from 0x0000000093800000 to 0x00000000a2a00000 of length 253755392.
# Possible reasons:
#   The system is out of physical RAM or swap space
#   The process is running with CompressedOops enabled, and the Java Heap may be blocking the growth of the native heap
# Possible solutions:
#   Reduce memory load on the system
#   Increase physical memory or swap space
#   Check if swap backing store is full
#   Decrease Java heap size (-Xmx/-Xms)
#   Decrease number of Java threads
#   Decrease Java thread stack sizes (-Xss)
#   Set larger code cache with -XX:ReservedCodeCacheSize=
#   JVM is running with Unscaled Compressed Oops mode in which the Java heap is
#     placed in the first 4GB address space. The Java Heap base address is the
#     maximum limit for the native heap growth. Please use -XX:HeapBaseMinAddress
#     to set the Java Heap base and to place the Java Heap above 4GB virtual address.
# This output file may be truncated or incomplete.
#
#  Out of Memory Error (./src/hotspot/os/windows/os_windows.cpp:3301), pid=30372, tid=17532
#
# JRE version: OpenJDK Runtime Environment (11.0.10) (build 11.0.10+0-b96-7249189)
# Java VM: OpenJDK 64-Bit Server VM (11.0.10+0-b96-7249189, mixed mode, tiered, compressed oops, g1 gc, windows-amd64)
# No core dump will be written. Minidumps are not enabled by default on client versions of Windows
#

---------------  S U M M A R Y ------------

Command Line: --add-opens=java.base/java.util=ALL-UNNAMED --add-opens=java.base/java.lang=ALL-UNNAMED --add-opens=java.base/java.lang.invoke=ALL-UNNAMED --add-opens=java.base/java.util=ALL-UNNAMED --add-opens=java.prefs/java.util.prefs=ALL-UNNAMED --add-opens=java.prefs/java.util.prefs=ALL-UNNAMED --add-opens=java.base/java.nio.charset=ALL-UNNAMED --add-opens=java.base/java.net=ALL-UNNAMED --add-opens=java.base/java.util.concurrent.atomic=ALL-UNNAMED -Xmx2048m -Dfile.encoding=UTF-8 -Duser.country=AU -Duser.language=en -Duser.variant org.gradle.launcher.daemon.bootstrap.GradleDaemon 7.0.2

Host: Intel(R) Core(TM) i5-10300H CPU @ 2.50GHz, 8 cores, 7G,  Windows 10 , 64 bit Build 22621 (10.0.22621.436)
Time: Fri Aug  5 19:33:23 2022 SE Asia Standard Time elapsed time: 28.109774 seconds (0d 0h 0m 28s)

---------------  T H R E A D  ---------------

Current thread (0x0000017160612800):  VMThread "VM Thread" [stack: 0x00000004d3800000,0x00000004d3900000] [id=17532]

Stack: [0x00000004d3800000,0x00000004d3900000]
[error occurred during error reporting (printing stack bounds), id 0xc0000005, EXCEPTION_ACCESS_VIOLATION (0xc0000005) at pc=0x0000017149c70f2d]

Native frames: (J=compiled Java code, j=interpreted, Vv=VM code, C=native code)
V  [jvm.dll+0x5ecfaa]
V  [jvm.dll+0x722bd5]
V  [jvm.dll+0x72412d]
V  [jvm.dll+0x724745]
V  [jvm.dll+0x7246fb]
V  [jvm.dll+0x5ec348]
V  [jvm.dll+0x5ecad8]
C  [ntdll.dll+0xa3e1f]
C  [ntdll.dll+0x1eae6]
C  [ntdll.dll+0xa2e0e]
C  0x0000017149c70f2d

VM_Operation (0x00000004d8bfe4b0): G1CollectForAllocation, mode: safepoint, requested by thread 0x00000171631a7800


---------------  P R O C E S S  ---------------

Threads class SMR info:
_java_thread_list=0x0000017169f96410, length=80, elements={
0x0000017146194000, 0x0000017160625000, 0x0000017160629000, 0x0000017160621800,
0x0000017160e45800, 0x0000017160e48000, 0x0000017160e4b000, 0x0000017160e4d000,
0x0000017160e51000, 0x000001716101f800, 0x0000017162e98000, 0x000001716276f000,
0x0000017163a80000, 0x00000171633d4000, 0x0000017162a48800, 0x00000171633a2800,
0x0000017162e63800, 0x0000017164392800, 0x00000171631a0000, 0x0000017164389800,
0x000001716438a800, 0x000001716438d000, 0x0000017164388000, 0x0000017164389000,
0x000001716438e000, 0x000001716438b800, 0x000001716438c000, 0x000001716438e800,
0x0000017164b82800, 0x0000017164b80800, 0x0000017164b81000, 0x0000017164b82000,
0x0000017164b7e800, 0x0000017164b84800, 0x0000017164b85000, 0x0000017164b7f800,
0x0000017164b86000, 0x0000017164b8b800, 0x0000017164b8c800, 0x0000017164b87800,
0x0000017164b88800, 0x0000017164b8b000, 0x0000017164b87000, 0x0000017164b89800,
0x0000017164b8a000, 0x0000017164f10000, 0x0000017164f11800, 0x0000017164f14800,
0x0000017164f10800, 0x0000017164f12000, 0x0000017164f13000, 0x0000017164f14000,
0x0000017164f0f000, 0x0000017164f17000, 0x0000017164f16800, 0x0000017164f19000,
0x0000017164f18000, 0x0000017164f19800, 0x0000017164f1a800, 0x0000017164f15800,
0x0000017164f1c000, 0x0000017164f1d000, 0x0000017164f1d800, 0x00000171621d9000,
0x00000171621d6000, 0x00000171621d5000, 0x00000171621d7800, 0x00000171621d8800,
0x00000171621da000, 0x00000171621da800, 0x00000171621db800, 0x0000017164f1b000,
0x00000171631a6800, 0x00000171631a7800, 0x00000171631a2800, 0x00000171631a6000,
0x00000171631a2000, 0x00000171631a3800, 0x00000171631a8800, 0x00000171631a5000
}

Java Threads: ( => current thread )
  0x0000017146194000 JavaThread "main" [_thread_blocked, id=21716, stack(0x00000004d3200000,0x00000004d3300000)]
  0x0000017160625000 JavaThread "Reference Handler" daemon [_thread_blocked, id=12308, stack(0x00000004d3900000,0x00000004d3a00000)]
  0x0000017160629000 JavaThread "Finalizer" daemon [_thread_blocked, id=22220, stack(0x00000004d3a00000,0x00000004d3b00000)]
  0x0000017160621800 JavaThread "Signal Dispatcher" daemon [_thread_blocked, id=18304, stack(0x00000004d3b00000,0x00000004d3c00000)]
  0x0000017160e45800 JavaThread "Attach Listener" daemon [_thread_blocked, id=28288, stack(0x00000004d3c00000,0x00000004d3d00000)]
  0x0000017160e48000 JavaThread "Service Thread" daemon [_thread_blocked, id=26528, stack(0x00000004d3d00000,0x00000004d3e00000)]
  0x0000017160e4b000 JavaThread "C2 CompilerThread0" daemon [_thread_in_native, id=28088, stack(0x00000004d3e00000,0x00000004d3f00000)]
  0x0000017160e4d000 JavaThread "C1 CompilerThread0" daemon [_thread_blocked, id=23372, stack(0x00000004d3f00000,0x00000004d4000000)]
  0x0000017160e51000 JavaThread "Sweeper thread" daemon [_thread_blocked, id=30576, stack(0x00000004d4000000,0x00000004d4100000)]
  0x000001716101f800 JavaThread "Common-Cleaner" daemon [_thread_blocked, id=9908, stack(0x00000004d4100000,0x00000004d4200000)]
  0x0000017162e98000 JavaThread "Daemon health stats" [_thread_blocked, id=23700, stack(0x00000004d4600000,0x00000004d4700000)]
  0x000001716276f000 JavaThread "Incoming local TCP Connector on port 55450" [_thread_in_native, id=12220, stack(0x00000004d4300000,0x00000004d4400000)]
  0x0000017163a80000 JavaThread "Daemon periodic checks" [_thread_blocked, id=21068, stack(0x00000004d4700000,0x00000004d4800000)]
  0x00000171633d4000 JavaThread "Daemon" [_thread_blocked, id=10156, stack(0x00000004d4800000,0x00000004d4900000)]
  0x0000017162a48800 JavaThread "Handler for socket connection from /127.0.0.1:55450 to /127.0.0.1:55451" [_thread_in_native, id=18608, stack(0x00000004d4900000,0x00000004d4a00000)]
  0x00000171633a2800 JavaThread "Cancel handler" [_thread_blocked, id=20072, stack(0x00000004d4a00000,0x00000004d4b00000)]
  0x0000017162e63800 JavaThread "Daemon worker" [_thread_blocked, id=1800, stack(0x00000004d4b00000,0x00000004d4c00000)]
  0x0000017164392800 JavaThread "Asynchronous log dispatcher for DefaultDaemonConnection: socket connection from /127.0.0.1:55450 to /127.0.0.1:55451" [_thread_blocked, id=28364, stack(0x00000004d4c00000,0x00000004d4d00000)]
  0x00000171631a0000 JavaThread "Stdin handler" [_thread_blocked, id=27872, stack(0x00000004d4d00000,0x00000004d4e00000)]
  0x0000017164389800 JavaThread "Daemon client event forwarder" [_thread_blocked, id=30348, stack(0x00000004d4e00000,0x00000004d4f00000)]
  0x000001716438a800 JavaThread "Cache worker for file hash cache (C:\Users\nam\.gradle\caches\7.0.2\fileHashes)" [_thread_blocked, id=25664, stack(0x00000004d5400000,0x00000004d5500000)]
  0x000001716438d000 JavaThread "File lock request listener" [_thread_in_native, id=6344, stack(0x00000004d5500000,0x00000004d5600000)]
  0x0000017164388000 JavaThread "Cache worker for journal cache (C:\Users\nam\.gradle\caches\journal-1)" [_thread_blocked, id=1860, stack(0x00000004d5700000,0x00000004d5800000)]
  0x0000017164389000 JavaThread "Cache worker for file hash cache (G:\DuAn1_appdoctruyen\.gradle\7.0.2\fileHashes)" [_thread_blocked, id=15252, stack(0x00000004d5900000,0x00000004d5a00000)]
  0x000001716438e000 JavaThread "File watcher server" daemon [_thread_blocked, id=12528, stack(0x00000004d5a00000,0x00000004d5b00000)]
  0x000001716438b800 JavaThread "File watcher consumer" daemon [_thread_blocked, id=13212, stack(0x00000004d5b00000,0x00000004d5c00000)]
  0x000001716438c000 JavaThread "Cache worker for checksums cache (G:\DuAn1_appdoctruyen\.gradle\checksums)" [_thread_blocked, id=10524, stack(0x00000004d5c00000,0x00000004d5d00000)]
  0x000001716438e800 JavaThread "Cache worker for cache directory md-supplier (C:\Users\nam\.gradle\caches\7.0.2\md-supplier)" [_thread_blocked, id=13532, stack(0x00000004d5d00000,0x00000004d5e00000)]
  0x0000017164b82800 JavaThread "Cache worker for cache directory md-rule (C:\Users\nam\.gradle\caches\7.0.2\md-rule)" [_thread_blocked, id=27580, stack(0x00000004d5e00000,0x00000004d5f00000)]
  0x0000017164b80800 JavaThread "Cache worker for execution history cache (C:\Users\nam\.gradle\caches\7.0.2\executionHistory)" [_thread_blocked, id=20388, stack(0x00000004d5f00000,0x00000004d6000000)]
  0x0000017164b81000 JavaThread "jar transforms" [_thread_blocked, id=11204, stack(0x00000004d6000000,0x00000004d6100000)]
  0x0000017164b82000 JavaThread "jar transforms Thread 2" [_thread_blocked, id=13004, stack(0x00000004d6100000,0x00000004d6200000)]
  0x0000017164b7e800 JavaThread "Cache worker for file content cache (C:\Users\nam\.gradle\caches\7.0.2\fileContent)" [_thread_blocked, id=23672, stack(0x00000004d6200000,0x00000004d6300000)]
  0x0000017164b84800 JavaThread "Cache worker for dependencies-accessors (G:\DuAn1_appdoctruyen\.gradle\7.0.2\dependencies-accessors)" [_thread_blocked, id=29944, stack(0x00000004d6300000,0x00000004d6400000)]
  0x0000017164b85000 JavaThread "jar transforms Thread 3" [_thread_blocked, id=29312, stack(0x00000004d6400000,0x00000004d6500000)]
  0x0000017164b7f800 JavaThread "Cache worker for Build Output Cleanup Cache (G:\DuAn1_appdoctruyen\.gradle\buildOutputCleanup)" [_thread_blocked, id=21708, stack(0x00000004d6500000,0x00000004d6600000)]
  0x0000017164b86000 JavaThread "Build operations" [_thread_blocked, id=2332, stack(0x00000004d6600000,0x00000004d6700000)]
  0x0000017164b8b800 JavaThread "Build operations Thread 2" [_thread_blocked, id=12392, stack(0x00000004d6700000,0x00000004d6800000)]
  0x0000017164b8c800 JavaThread "Build operations Thread 3" [_thread_blocked, id=24160, stack(0x00000004d6800000,0x00000004d6900000)]
  0x0000017164b87800 JavaThread "Build operations Thread 4" [_thread_blocked, id=16044, stack(0x00000004d6900000,0x00000004d6a00000)]
  0x0000017164b88800 JavaThread "Build operations Thread 5" [_thread_blocked, id=15116, stack(0x00000004d6a00000,0x00000004d6b00000)]
  0x0000017164b8b000 JavaThread "Build operations Thread 6" [_thread_blocked, id=24940, stack(0x00000004d6b00000,0x00000004d6c00000)]
  0x0000017164b87000 JavaThread "Build operations Thread 7" [_thread_blocked, id=12556, stack(0x00000004d6c00000,0x00000004d6d00000)]
  0x0000017164b89800 JavaThread "Build operations Thread 8" [_thread_blocked, id=2476, stack(0x00000004d6d00000,0x00000004d6e00000)]
  0x0000017164b8a000 JavaThread "jar transforms Thread 4" [_thread_blocked, id=19048, stack(0x00000004d6e00000,0x00000004d6f00000)]
  0x0000017164f10000 JavaThread "jar transforms Thread 5" [_thread_blocked, id=24264, stack(0x00000004d6f00000,0x00000004d7000000)]
  0x0000017164f11800 JavaThread "jar transforms Thread 6" [_thread_blocked, id=4368, stack(0x00000004d7000000,0x00000004d7100000)]
  0x0000017164f14800 JavaThread "jar transforms Thread 7" [_thread_blocked, id=8312, stack(0x00000004d7100000,0x00000004d7200000)]
  0x0000017164f10800 JavaThread "jar transforms Thread 8" [_thread_blocked, id=11384, stack(0x00000004d7200000,0x00000004d7300000)]
  0x0000017164f12000 JavaThread "Memory manager" [_thread_blocked, id=10872, stack(0x00000004d7300000,0x00000004d7400000)]
  0x0000017164f13000 JavaThread "build event listener" [_thread_blocked, id=25084, stack(0x00000004d5800000,0x00000004d5900000)]
  0x0000017164f14000 JavaThread "Execution worker for ':'" [_thread_blocked, id=25532, stack(0x00000004d7400000,0x00000004d7500000)]
  0x0000017164f0f000 JavaThread "Execution worker for ':' Thread 2" [_thread_blocked, id=11548, stack(0x00000004d7500000,0x00000004d7600000)]
  0x0000017164f17000 JavaThread "Execution worker for ':' Thread 3" [_thread_blocked, id=20952, stack(0x00000004d7600000,0x00000004d7700000)]
  0x0000017164f16800 JavaThread "Execution worker for ':' Thread 4" [_thread_blocked, id=25000, stack(0x00000004d7700000,0x00000004d7800000)]
  0x0000017164f19000 JavaThread "Execution worker for ':' Thread 5" [_thread_blocked, id=19532, stack(0x00000004d7800000,0x00000004d7900000)]
  0x0000017164f18000 JavaThread "Execution worker for ':' Thread 6" [_thread_blocked, id=13800, stack(0x00000004d7900000,0x00000004d7a00000)]
  0x0000017164f19800 JavaThread "Execution worker for ':' Thread 7" [_thread_blocked, id=21544, stack(0x00000004d7a00000,0x00000004d7b00000)]
  0x0000017164f1a800 JavaThread "Cache worker for execution history cache (G:\DuAn1_appdoctruyen\.gradle\7.0.2\executionHistory)" [_thread_blocked, id=18492, stack(0x00000004d7b00000,0x00000004d7c00000)]
  0x0000017164f15800 JavaThread "WorkerExecutor Queue Thread 2" [_thread_blocked, id=27412, stack(0x00000004d7d00000,0x00000004d7e00000)]
  0x0000017164f1c000 JavaThread "WorkerExecutor Queue Thread 3" [_thread_blocked, id=18564, stack(0x00000004d7e00000,0x00000004d7f00000)]
  0x0000017164f1d000 JavaThread "pool-3-thread-1" [_thread_blocked, id=20332, stack(0x00000004d7f00000,0x00000004d8000000)]
  0x0000017164f1d800 JavaThread "stderr" [_thread_in_native, id=15440, stack(0x00000004d8000000,0x00000004d8100000)]
  0x00000171621d9000 JavaThread "stdout" [_thread_in_native, id=9312, stack(0x00000004d8100000,0x00000004d8200000)]
  0x00000171621d6000 JavaThread "Cache worker for Java compile cache (C:\Users\nam\.gradle\caches\7.0.2\javaCompile)" [_thread_blocked, id=15752, stack(0x00000004d7c00000,0x00000004d7d00000)]
  0x00000171621d5000 JavaThread "Cache worker for Java compile cache (G:\DuAn1_appdoctruyen\.gradle\7.0.2\javaCompile)" [_thread_blocked, id=29012, stack(0x00000004d8200000,0x00000004d8300000)]
  0x00000171621d7800 JavaThread "WorkerExecutor Queue Thread 5" [_thread_blocked, id=27440, stack(0x00000004d8400000,0x00000004d8500000)]
  0x00000171621d8800 JavaThread "WorkerExecutor Queue Thread 6" [_thread_blocked, id=28932, stack(0x00000004d8500000,0x00000004d8600000)]
  0x00000171621da000 JavaThread "WorkerExecutor Queue Thread 7" [_thread_blocked, id=25896, stack(0x00000004d8600000,0x00000004d8700000)]
  0x00000171621da800 JavaThread "WorkerExecutor Queue Thread 8" [_thread_blocked, id=21996, stack(0x00000004d8700000,0x00000004d8800000)]
  0x00000171621db800 JavaThread "WorkerExecutor Queue Thread 9" [_thread_blocked, id=29060, stack(0x00000004d8800000,0x00000004d8900000)]
  0x0000017164f1b000 JavaThread "WorkerExecutor Queue Thread 11" [_thread_blocked, id=30432, stack(0x00000004d8900000,0x00000004d8a00000)]
  0x00000171631a6800 JavaThread "ForkJoinPool-1-worker-3" daemon [_thread_blocked, id=9380, stack(0x00000004d8a00000,0x00000004d8b00000)]
  0x00000171631a7800 JavaThread "ForkJoinPool-1-worker-5" daemon [_thread_blocked, id=6456, stack(0x00000004d8b00000,0x00000004d8c00000)]
  0x00000171631a2800 JavaThread "ForkJoinPool-1-worker-7" daemon [_thread_blocked, id=18972, stack(0x00000004d8c00000,0x00000004d8d00000)]
  0x00000171631a6000 JavaThread "ForkJoinPool-1-worker-9" daemon [_thread_blocked, id=12060, stack(0x00000004d8d00000,0x00000004d8e00000)]
  0x00000171631a2000 JavaThread "ForkJoinPool-1-worker-11" daemon [_thread_blocked, id=7244, stack(0x00000004d8e00000,0x00000004d8f00000)]
  0x00000171631a3800 JavaThread "ForkJoinPool-1-worker-13" daemon [_thread_blocked, id=12292, stack(0x00000004d8f00000,0x00000004d9000000)]
  0x00000171631a8800 JavaThread "ForkJoinPool-1-worker-15" daemon [_thread_blocked, id=27696, stack(0x00000004d9000000,0x00000004d9100000)]
  0x00000171631a5000 JavaThread "ForkJoinPool-1-worker-1" daemon [_thread_blocked, id=10632, stack(0x00000004d9100000,0x00000004d9200000)]

Other Threads:
=>0x0000017160612800 VMThread "VM Thread" [stack: 0x00000004d3800000,0x00000004d3900000] [id=17532]
  0x0000017161059800 WatcherThread [stack: 0x00000004d4200000,0x00000004d4300000] [id=30296]
  0x00000171461ae000 GCTaskThread "GC Thread#0" [stack: 0x00000004d3300000,0x00000004d3400000] [id=11924]
  0x0000017161e39000 GCTaskThread "GC Thread#1" [stack: 0x00000004d4400000,0x00000004d4500000] [id=12408]
  0x0000017161d89000 GCTaskThread "GC Thread#2" [stack: 0x00000004d4500000,0x00000004d4600000] [id=6852]
  0x0000017162e8f000 GCTaskThread "GC Thread#3" [stack: 0x00000004d4f00000,0x00000004d5000000] [id=6364]
  0x000001716214c800 GCTaskThread "GC Thread#4" [stack: 0x00000004d5000000,0x00000004d5100000] [id=14712]
  0x00000171629e9000 GCTaskThread "GC Thread#5" [stack: 0x00000004d5100000,0x00000004d5200000] [id=25136]
  0x0000017163c3d000 GCTaskThread "GC Thread#6" [stack: 0x00000004d5200000,0x00000004d5300000] [id=8076]
  0x0000017162dea800 GCTaskThread "GC Thread#7" [stack: 0x00000004d5300000,0x00000004d5400000] [id=14768]
  0x00000171461df000 ConcurrentGCThread "G1 Main Marker" [stack: 0x00000004d3400000,0x00000004d3500000] [id=8904]
  0x00000171461e1000 ConcurrentGCThread "G1 Conc#0" [stack: 0x00000004d3500000,0x00000004d3600000] [id=16372]
  0x000001716384a800 ConcurrentGCThread "G1 Conc#1" [stack: 0x00000004d5600000,0x00000004d5700000] [id=23180]
  0x0000017160459000 ConcurrentGCThread "G1 Refine#0" [stack: 0x00000004d3600000,0x00000004d3700000] [id=8128]
  0x000001716a338000 ConcurrentGCThread "G1 Refine#1" [stack: 0x00000004d9200000,0x00000004d9300000] [id=28488]
  0x000001716a333800 ConcurrentGCThread "G1 Refine#2" [stack: 0x00000004d9300000,0x00000004d9400000] [id=1284]
  0x000001716a332000 ConcurrentGCThread "G1 Refine#3" [stack: 0x00000004d9400000,0x00000004d9500000] [id=12148]
  0x0000017160463000 ConcurrentGCThread "G1 Young RemSet Sampling" [stack: 0x00000004d3700000,0x00000004d3800000] [id=2008]

Threads with active compile tasks:
C2 CompilerThread0  28140 16309 %     4       com.android.tools.r8.dex.j::a @ 315 (1038 bytes)

VM state:at safepoint (normal execution)

VM Mutex/Monitor currently owned by a thread:  ([mutex/lock_event])
[0x0000017146190390] Threads_lock - owner thread: 0x0000017160612800
[0x0000017146190ed0] Heap_lock - owner thread: 0x00000171631a7800

Heap address: 0x0000000080000000, size: 2048 MB, Compressed Oops mode: 32-bit
Narrow klass base: 0x0000000000000000, Narrow klass shift: 3
Compressed class space size: 1073741824 Address: 0x0000000100000000

Heap:
 garbage-first heap   total 567296K, used 246305K [0x0000000080000000, 0x0000000100000000)
  region size 1024K, 4 young (4096K), 4 survivors (4096K)
 Metaspace       used 112233K, capacity 115515K, committed 115840K, reserved 1148928K
  class space    used 14469K, capacity 15709K, committed 15820K, reserved 1048576K
Heap Regions: E=young(eden), S=young(survivor), O=old, HS=humongous(starts), HC=humongous(continues), CS=collection set, F=free, A=archive, TAMS=top-at-mark-start (previous, next)
|   0|0x0000000080000000, 0x0000000080100000, 0x0000000080100000|100%| O|  |TAMS 0x0000000080100000, 0x0000000080000000| Untracked 
|   1|0x0000000080100000, 0x0000000080200000, 0x0000000080200000|100%| O|  |TAMS 0x0000000080200000, 0x0000000080100000| Untracked 
|   2|0x0000000080200000, 0x0000000080300000, 0x0000000080300000|100%| O|  |TAMS 0x0000000080300000, 0x0000000080200000| Untracked 
|   3|0x0000000080300000, 0x0000000080400000, 0x0000000080400000|100%|HS|  |TAMS 0x0000000080400000, 0x0000000080300000| Complete 
|   4|0x0000000080400000, 0x0000000080500000, 0x0000000080500000|100%|HC|  |TAMS 0x0000000080500000, 0x0000000080400000| Complete 
|   5|0x0000000080500000, 0x0000000080600000, 0x0000000080600000|100%|HC|  |TAMS 0x0000000080600000, 0x0000000080500000| Complete 
|   6|0x0000000080600000, 0x0000000080700000, 0x0000000080700000|100%| O|  |TAMS 0x0000000080700000, 0x0000000080600000| Untracked 
|   7|0x0000000080700000, 0x0000000080800000, 0x0000000080800000|100%| O|  |TAMS 0x0000000080800000, 0x0000000080700000| Untracked 
|   8|0x0000000080800000, 0x0000000080900000, 0x0000000080900000|100%| O|  |TAMS 0x0000000080900000, 0x0000000080800000| Untracked 
|   9|0x0000000080900000, 0x0000000080a00000, 0x0000000080a00000|100%| O|  |TAMS 0x0000000080a00000, 0x0000000080900000| Untracked 
|  10|0x0000000080a00000, 0x0000000080b00000, 0x0000000080b00000|100%| O|  |TAMS 0x0000000080b00000, 0x0000000080a00000| Untracked 
|  11|0x0000000080b00000, 0x0000000080c00000, 0x0000000080c00000|100%| O|  |TAMS 0x0000000080c00000, 0x0000000080b00000| Untracked 
|  12|0x0000000080c00000, 0x0000000080d00000, 0x0000000080d00000|100%| O|  |TAMS 0x0000000080d00000, 0x0000000080c00000| Untracked 
|  13|0x0000000080d00000, 0x0000000080e00000, 0x0000000080e00000|100%| O|  |TAMS 0x0000000080e00000, 0x0000000080d00000| Untracked 
|  14|0x0000000080e00000, 0x0000000080f00000, 0x0000000080f00000|100%| O|  |TAMS 0x0000000080f00000, 0x0000000080e00000| Untracked 
|  15|0x0000000080f00000, 0x0000000081000000, 0x0000000081000000|100%| O|  |TAMS 0x0000000081000000, 0x0000000080f00000| Untracked 
|  16|0x0000000081000000, 0x0000000081100000, 0x0000000081100000|100%| O|  |TAMS 0x0000000081100000, 0x0000000081000000| Untracked 
|  17|0x0000000081100000, 0x0000000081200000, 0x0000000081200000|100%|HS|  |TAMS 0x0000000081200000, 0x0000000081100000| Complete 
|  18|0x0000000081200000, 0x0000000081300000, 0x0000000081300000|100%| O|  |TAMS 0x0000000081300000, 0x0000000081200000| Untracked 
|  19|0x0000000081300000, 0x0000000081400000, 0x0000000081400000|100%| O|  |TAMS 0x0000000081400000, 0x0000000081300000| Untracked 
|  20|0x0000000081400000, 0x0000000081500000, 0x0000000081500000|100%| O|  |TAMS 0x0000000081500000, 0x0000000081400000| Untracked 
|  21|0x0000000081500000, 0x0000000081600000, 0x0000000081600000|100%| O|  |TAMS 0x0000000081600000, 0x0000000081500000| Untracked 
|  22|0x0000000081600000, 0x0000000081700000, 0x0000000081700000|100%| O|  |TAMS 0x0000000081700000, 0x0000000081600000| Untracked 
|  23|0x0000000081700000, 0x0000000081800000, 0x0000000081800000|100%| O|  |TAMS 0x0000000081800000, 0x0000000081700000| Untracked 
|  24|0x0000000081800000, 0x0000000081900000, 0x0000000081900000|100%|HS|  |TAMS 0x0000000081900000, 0x0000000081800000| Complete 
|  25|0x0000000081900000, 0x0000000081a00000, 0x0000000081a00000|100%|HS|  |TAMS 0x0000000081a00000, 0x0000000081900000| Complete 
|  26|0x0000000081a00000, 0x0000000081b00000, 0x0000000081b00000|100%|HC|  |TAMS 0x0000000081b00000, 0x0000000081a00000| Complete 
|  27|0x0000000081b00000, 0x0000000081c00000, 0x0000000081c00000|100%| O|  |TAMS 0x0000000081c00000, 0x0000000081b00000| Untracked 
|  28|0x0000000081c00000, 0x0000000081d00000, 0x0000000081d00000|100%| O|  |TAMS 0x0000000081d00000, 0x0000000081c00000| Untracked 
|  29|0x0000000081d00000, 0x0000000081e00000, 0x0000000081e00000|100%| O|  |TAMS 0x0000000081e00000, 0x0000000081d00000| Untracked 
|  30|0x0000000081e00000, 0x0000000081f00000, 0x0000000081f00000|100%| O|  |TAMS 0x0000000081f00000, 0x0000000081e00000| Untracked 
|  31|0x0000000081f00000, 0x0000000082000000, 0x0000000082000000|100%| O|  |TAMS 0x0000000082000000, 0x0000000081f00000| Untracked 
|  32|0x0000000082000000, 0x0000000082100000, 0x0000000082100000|100%| O|  |TAMS 0x0000000082100000, 0x0000000082000000| Untracked 
|  33|0x0000000082100000, 0x0000000082200000, 0x0000000082200000|100%| O|  |TAMS 0x0000000082200000, 0x0000000082100000| Untracked 
|  34|0x0000000082200000, 0x0000000082300000, 0x0000000082300000|100%| O|  |TAMS 0x0000000082300000, 0x0000000082200000| Untracked 
|  35|0x0000000082300000, 0x0000000082400000, 0x0000000082400000|100%| O|  |TAMS 0x0000000082400000, 0x0000000082300000| Untracked 
|  36|0x0000000082400000, 0x0000000082500000, 0x0000000082500000|100%| O|  |TAMS 0x0000000082500000, 0x0000000082400000| Untracked 
|  37|0x0000000082500000, 0x0000000082600000, 0x0000000082600000|100%| O|  |TAMS 0x0000000082600000, 0x0000000082500000| Untracked 
|  38|0x0000000082600000, 0x0000000082700000, 0x0000000082700000|100%| O|  |TAMS 0x0000000082700000, 0x0000000082600000| Untracked 
|  39|0x0000000082700000, 0x0000000082800000, 0x0000000082800000|100%| O|  |TAMS 0x0000000082800000, 0x0000000082700000| Untracked 
|  40|0x0000000082800000, 0x0000000082900000, 0x0000000082900000|100%| O|  |TAMS 0x0000000082900000, 0x0000000082800000| Untracked 
|  41|0x0000000082900000, 0x0000000082a00000, 0x0000000082a00000|100%| O|  |TAMS 0x0000000082a00000, 0x0000000082900000| Untracked 
|  42|0x0000000082a00000, 0x0000000082b00000, 0x0000000082b00000|100%| O|  |TAMS 0x0000000082b00000, 0x0000000082a00000| Untracked 
|  43|0x0000000082b00000, 0x0000000082c00000, 0x0000000082c00000|100%| O|  |TAMS 0x0000000082c00000, 0x0000000082b00000| Untracked 
|  44|0x0000000082c00000, 0x0000000082d00000, 0x0000000082d00000|100%| O|  |TAMS 0x0000000082d00000, 0x0000000082c00000| Untracked 
|  45|0x0000000082d00000, 0x0000000082e00000, 0x0000000082e00000|100%| O|  |TAMS 0x0000000082e00000, 0x0000000082d00000| Untracked 
|  46|0x0000000082e00000, 0x0000000082f00000, 0x0000000082f00000|100%| O|  |TAMS 0x0000000082f00000, 0x0000000082e00000| Untracked 
|  47|0x0000000082f00000, 0x0000000083000000, 0x0000000083000000|100%| O|  |TAMS 0x0000000083000000, 0x0000000082f00000| Untracked 
|  48|0x0000000083000000, 0x0000000083100000, 0x0000000083100000|100%| O|  |TAMS 0x0000000083100000, 0x0000000083000000| Untracked 
|  49|0x0000000083100000, 0x0000000083200000, 0x0000000083200000|100%| O|  |TAMS 0x0000000083200000, 0x0000000083100000| Untracked 
|  50|0x0000000083200000, 0x0000000083300000, 0x0000000083300000|100%| O|  |TAMS 0x0000000083300000, 0x0000000083200000| Untracked 
|  51|0x0000000083300000, 0x0000000083400000, 0x0000000083400000|100%| O|  |TAMS 0x0000000083400000, 0x0000000083300000| Untracked 
|  52|0x0000000083400000, 0x0000000083500000, 0x0000000083500000|100%| O|  |TAMS 0x0000000083500000, 0x0000000083400000| Untracked 
|  53|0x0000000083500000, 0x0000000083600000, 0x0000000083600000|100%| O|  |TAMS 0x0000000083600000, 0x0000000083500000| Untracked 
|  54|0x0000000083600000, 0x0000000083700000, 0x0000000083700000|100%| O|  |TAMS 0x0000000083700000, 0x0000000083600000| Untracked 
|  55|0x0000000083700000, 0x0000000083800000, 0x0000000083800000|100%| O|  |TAMS 0x0000000083800000, 0x0000000083700000| Untracked 
|  56|0x0000000083800000, 0x0000000083900000, 0x0000000083900000|100%| O|  |TAMS 0x0000000083900000, 0x0000000083800000| Untracked 
|  57|0x0000000083900000, 0x0000000083a00000, 0x0000000083a00000|100%| O|  |TAMS 0x0000000083a00000, 0x0000000083900000| Untracked 
|  58|0x0000000083a00000, 0x0000000083b00000, 0x0000000083b00000|100%| O|  |TAMS 0x0000000083b00000, 0x0000000083a00000| Untracked 
|  59|0x0000000083b00000, 0x0000000083c00000, 0x0000000083c00000|100%| O|  |TAMS 0x0000000083c00000, 0x0000000083b00000| Untracked 
|  60|0x0000000083c00000, 0x0000000083d00000, 0x0000000083d00000|100%| O|  |TAMS 0x0000000083d00000, 0x0000000083c00000| Untracked 
|  61|0x0000000083d00000, 0x0000000083e00000, 0x0000000083e00000|100%| O|  |TAMS 0x0000000083e00000, 0x0000000083d00000| Untracked 
|  62|0x0000000083e00000, 0x0000000083f00000, 0x0000000083f00000|100%| O|  |TAMS 0x0000000083f00000, 0x0000000083e00000| Untracked 
|  63|0x0000000083f00000, 0x0000000084000000, 0x0000000084000000|100%| O|  |TAMS 0x0000000084000000, 0x0000000083f00000| Untracked 
|  64|0x0000000084000000, 0x0000000084100000, 0x0000000084100000|100%| O|  |TAMS 0x0000000084100000, 0x0000000084000000| Untracked 
|  65|0x0000000084100000, 0x0000000084200000, 0x0000000084200000|100%| O|  |TAMS 0x0000000084200000, 0x0000000084100000| Untracked 
|  66|0x0000000084200000, 0x0000000084300000, 0x0000000084300000|100%| O|  |TAMS 0x0000000084300000, 0x0000000084200000| Untracked 
|  67|0x0000000084300000, 0x0000000084400000, 0x0000000084400000|100%| O|  |TAMS 0x0000000084400000, 0x0000000084300000| Untracked 
|  68|0x0000000084400000, 0x0000000084500000, 0x0000000084500000|100%| O|  |TAMS 0x0000000084500000, 0x0000000084400000| Untracked 
|  69|0x0000000084500000, 0x0000000084600000, 0x0000000084600000|100%| O|  |TAMS 0x0000000084600000, 0x0000000084500000| Untracked 
|  70|0x0000000084600000, 0x0000000084700000, 0x0000000084700000|100%| O|  |TAMS 0x0000000084700000, 0x0000000084600000| Untracked 
|  71|0x0000000084700000, 0x0000000084800000, 0x0000000084800000|100%| O|  |TAMS 0x0000000084800000, 0x0000000084700000| Untracked 
|  72|0x0000000084800000, 0x0000000084900000, 0x0000000084900000|100%| O|  |TAMS 0x0000000084900000, 0x0000000084800000| Untracked 
|  73|0x0000000084900000, 0x0000000084a00000, 0x0000000084a00000|100%| O|  |TAMS 0x0000000084a00000, 0x0000000084900000| Untracked 
|  74|0x0000000084a00000, 0x0000000084b00000, 0x0000000084b00000|100%| O|  |TAMS 0x0000000084b00000, 0x0000000084a00000| Untracked 
|  75|0x0000000084b00000, 0x0000000084c00000, 0x0000000084c00000|100%| O|  |TAMS 0x0000000084c00000, 0x0000000084b00000| Untracked 
|  76|0x0000000084c00000, 0x0000000084d00000, 0x0000000084d00000|100%| O|  |TAMS 0x0000000084d00000, 0x0000000084c00000| Untracked 
|  77|0x0000000084d00000, 0x0000000084e00000, 0x0000000084e00000|100%| O|  |TAMS 0x0000000084e00000, 0x0000000084d00000| Untracked 
|  78|0x0000000084e00000, 0x0000000084f00000, 0x0000000084f00000|100%| O|  |TAMS 0x0000000084f00000, 0x0000000084e00000| Untracked 
|  79|0x0000000084f00000, 0x0000000085000000, 0x0000000085000000|100%| O|  |TAMS 0x0000000085000000, 0x0000000084f00000| Untracked 
|  80|0x0000000085000000, 0x0000000085100000, 0x0000000085100000|100%| O|  |TAMS 0x0000000085100000, 0x0000000085000000| Untracked 
|  81|0x0000000085100000, 0x0000000085200000, 0x0000000085200000|100%| O|  |TAMS 0x0000000085200000, 0x0000000085100000| Untracked 
|  82|0x0000000085200000, 0x0000000085300000, 0x0000000085300000|100%| O|  |TAMS 0x0000000085300000, 0x0000000085200000| Untracked 
|  83|0x0000000085300000, 0x0000000085400000, 0x0000000085400000|100%| O|  |TAMS 0x0000000085400000, 0x0000000085300000| Untracked 
|  84|0x0000000085400000, 0x0000000085500000, 0x0000000085500000|100%| O|  |TAMS 0x0000000085500000, 0x0000000085400000| Untracked 
|  85|0x0000000085500000, 0x0000000085600000, 0x0000000085600000|100%| O|  |TAMS 0x0000000085600000, 0x0000000085500000| Untracked 
|  86|0x0000000085600000, 0x0000000085700000, 0x0000000085700000|100%| O|  |TAMS 0x0000000085700000, 0x0000000085600000| Untracked 
|  87|0x0000000085700000, 0x0000000085800000, 0x0000000085800000|100%| O|  |TAMS 0x0000000085800000, 0x0000000085700000| Untracked 
|  88|0x0000000085800000, 0x0000000085900000, 0x0000000085900000|100%| O|  |TAMS 0x0000000085800000, 0x0000000085800000| Untracked 
|  89|0x0000000085900000, 0x0000000085a00000, 0x0000000085a00000|100%| O|  |TAMS 0x0000000085900000, 0x0000000085900000| Untracked 
|  90|0x0000000085a00000, 0x0000000085b00000, 0x0000000085b00000|100%| O|  |TAMS 0x0000000085b00000, 0x0000000085a00000| Untracked 
|  91|0x0000000085b00000, 0x0000000085c00000, 0x0000000085c00000|100%| O|  |TAMS 0x0000000085c00000, 0x0000000085b00000| Untracked 
|  92|0x0000000085c00000, 0x0000000085d00000, 0x0000000085d00000|100%| O|  |TAMS 0x0000000085d00000, 0x0000000085c00000| Untracked 
|  93|0x0000000085d00000, 0x0000000085e00000, 0x0000000085e00000|100%| O|  |TAMS 0x0000000085e00000, 0x0000000085d00000| Untracked 
|  94|0x0000000085e00000, 0x0000000085f00000, 0x0000000085f00000|100%| O|  |TAMS 0x0000000085f00000, 0x0000000085e00000| Untracked 
|  95|0x0000000085f00000, 0x0000000086000000, 0x0000000086000000|100%| O|  |TAMS 0x0000000086000000, 0x0000000085f00000| Untracked 
|  96|0x0000000086000000, 0x0000000086100000, 0x0000000086100000|100%| O|  |TAMS 0x0000000086100000, 0x0000000086000000| Untracked 
|  97|0x0000000086100000, 0x0000000086200000, 0x0000000086200000|100%| O|  |TAMS 0x0000000086194400, 0x0000000086100000| Untracked 
|  98|0x0000000086200000, 0x0000000086300000, 0x0000000086300000|100%| O|  |TAMS 0x0000000086300000, 0x0000000086200000| Untracked 
|  99|0x0000000086300000, 0x0000000086400000, 0x0000000086400000|100%| O|  |TAMS 0x0000000086400000, 0x0000000086300000| Untracked 
| 100|0x0000000086400000, 0x0000000086500000, 0x0000000086500000|100%| O|  |TAMS 0x0000000086500000, 0x0000000086400000| Untracked 
| 101|0x0000000086500000, 0x0000000086600000, 0x0000000086600000|100%| O|  |TAMS 0x0000000086600000, 0x0000000086500000| Untracked 
| 102|0x0000000086600000, 0x0000000086700000, 0x0000000086700000|100%| O|  |TAMS 0x0000000086700000, 0x0000000086600000| Untracked 
| 103|0x0000000086700000, 0x0000000086800000, 0x0000000086800000|100%| O|  |TAMS 0x0000000086800000, 0x0000000086700000| Untracked 
| 104|0x0000000086800000, 0x0000000086900000, 0x0000000086900000|100%|HS|  |TAMS 0x0000000086800000, 0x0000000086800000| Complete 
| 105|0x0000000086900000, 0x0000000086a00000, 0x0000000086a00000|100%|HS|  |TAMS 0x0000000086900000, 0x0000000086900000| Complete 
| 106|0x0000000086a00000, 0x0000000086b00000, 0x0000000086b00000|100%| O|  |TAMS 0x0000000086b00000, 0x0000000086a00000| Untracked 
| 107|0x0000000086b00000, 0x0000000086c00000, 0x0000000086c00000|100%| O|  |TAMS 0x0000000086c00000, 0x0000000086b00000| Untracked 
| 108|0x0000000086c00000, 0x0000000086d00000, 0x0000000086d00000|100%| O|  |TAMS 0x0000000086d00000, 0x0000000086c00000| Untracked 
| 109|0x0000000086d00000, 0x0000000086e00000, 0x0000000086e00000|100%| O|  |TAMS 0x0000000086e00000, 0x0000000086d00000| Untracked 
| 110|0x0000000086e00000, 0x0000000086f00000, 0x0000000086f00000|100%| O|  |TAMS 0x0000000086f00000, 0x0000000086e00000| Untracked 
| 111|0x0000000086f00000, 0x0000000087000000, 0x0000000087000000|100%| O|  |TAMS 0x0000000087000000, 0x0000000086f00000| Untracked 
| 112|0x0000000087000000, 0x0000000087100000, 0x0000000087100000|100%| O|  |TAMS 0x0000000087100000, 0x0000000087000000| Untracked 
| 113|0x0000000087100000, 0x0000000087200000, 0x0000000087200000|100%| O|  |TAMS 0x0000000087200000, 0x0000000087100000| Untracked 
| 114|0x0000000087200000, 0x0000000087300000, 0x0000000087300000|100%| O|  |TAMS 0x0000000087300000, 0x0000000087200000| Untracked 
| 115|0x0000000087300000, 0x0000000087400000, 0x0000000087400000|100%| O|  |TAMS 0x0000000087400000, 0x0000000087300000| Untracked 
| 116|0x0000000087400000, 0x0000000087500000, 0x0000000087500000|100%| O|  |TAMS 0x0000000087500000, 0x0000000087400000| Untracked 
| 117|0x0000000087500000, 0x0000000087600000, 0x0000000087600000|100%| O|  |TAMS 0x0000000087600000, 0x0000000087500000| Untracked 
| 118|0x0000000087600000, 0x0000000087700000, 0x0000000087700000|100%| O|  |TAMS 0x0000000087700000, 0x0000000087600000| Untracked 
| 119|0x0000000087700000, 0x0000000087800000, 0x0000000087800000|100%| O|  |TAMS 0x0000000087700000, 0x0000000087700000| Untracked 
| 120|0x0000000087800000, 0x0000000087900000, 0x0000000087900000|100%| O|  |TAMS 0x0000000087800000, 0x0000000087800000| Untracked 
| 121|0x0000000087900000, 0x0000000087a00000, 0x0000000087a00000|100%| O|  |TAMS 0x0000000087900000, 0x0000000087900000| Untracked 
| 122|0x0000000087a00000, 0x0000000087b00000, 0x0000000087b00000|100%| O|  |TAMS 0x0000000087a00000, 0x0000000087a00000| Untracked 
| 123|0x0000000087b00000, 0x0000000087c00000, 0x0000000087c00000|100%|HS|  |TAMS 0x0000000087b00000, 0x0000000087b00000| Complete 
| 124|0x0000000087c00000, 0x0000000087d00000, 0x0000000087d00000|100%|HS|  |TAMS 0x0000000087c00000, 0x0000000087c00000| Complete 
| 125|0x0000000087d00000, 0x0000000087e00000, 0x0000000087e00000|100%|HS|  |TAMS 0x0000000087d00000, 0x0000000087d00000| Complete 
| 126|0x0000000087e00000, 0x0000000087f00000, 0x0000000087f00000|100%|HC|  |TAMS 0x0000000087e00000, 0x0000000087e00000| Complete 
| 127|0x0000000087f00000, 0x0000000088000000, 0x0000000088000000|100%|HC|  |TAMS 0x0000000087f00000, 0x0000000087f00000| Complete 
| 128|0x0000000088000000, 0x0000000088100000, 0x0000000088100000|100%|HC|  |TAMS 0x0000000088000000, 0x0000000088000000| Complete 
| 129|0x0000000088100000, 0x0000000088200000, 0x0000000088200000|100%|HC|  |TAMS 0x0000000088100000, 0x0000000088100000| Complete 
| 130|0x0000000088200000, 0x0000000088300000, 0x0000000088300000|100%|HC|  |TAMS 0x0000000088200000, 0x0000000088200000| Complete 
| 131|0x0000000088300000, 0x0000000088400000, 0x0000000088400000|100%|HC|  |TAMS 0x0000000088300000, 0x0000000088300000| Complete 
| 132|0x0000000088400000, 0x0000000088500000, 0x0000000088500000|100%| O|  |TAMS 0x0000000088400000, 0x0000000088400000| Untracked 
| 133|0x0000000088500000, 0x0000000088600000, 0x0000000088600000|100%| O|  |TAMS 0x0000000088500000, 0x0000000088500000| Untracked 
| 134|0x0000000088600000, 0x0000000088700000, 0x0000000088700000|100%| O|  |TAMS 0x0000000088600000, 0x0000000088600000| Untracked 
| 135|0x0000000088700000, 0x0000000088800000, 0x0000000088800000|100%| O|  |TAMS 0x0000000088700000, 0x0000000088700000| Untracked 
| 136|0x0000000088800000, 0x0000000088900000, 0x0000000088900000|100%| O|  |TAMS 0x0000000088800000, 0x0000000088800000| Untracked 
| 137|0x0000000088900000, 0x0000000088a00000, 0x0000000088a00000|100%| O|  |TAMS 0x0000000088900000, 0x0000000088900000| Untracked 
| 138|0x0000000088a00000, 0x0000000088b00000, 0x0000000088b00000|100%| O|  |TAMS 0x0000000088a00000, 0x0000000088a00000| Untracked 
| 139|0x0000000088b00000, 0x0000000088c00000, 0x0000000088c00000|100%|HS|  |TAMS 0x0000000088b00000, 0x0000000088b00000| Complete 
| 140|0x0000000088c00000, 0x0000000088d00000, 0x0000000088d00000|100%|HC|  |TAMS 0x0000000088c00000, 0x0000000088c00000| Complete 
| 141|0x0000000088d00000, 0x0000000088e00000, 0x0000000088e00000|100%|HC|  |TAMS 0x0000000088d00000, 0x0000000088d00000| Complete 
| 142|0x0000000088e00000, 0x0000000088f00000, 0x0000000088f00000|100%|HC|  |TAMS 0x0000000088e00000, 0x0000000088e00000| Complete 
| 143|0x0000000088f00000, 0x0000000089000000, 0x0000000089000000|100%|HC|  |TAMS 0x0000000088f00000, 0x0000000088f00000| Complete 
| 144|0x0000000089000000, 0x0000000089100000, 0x0000000089100000|100%|HC|  |TAMS 0x0000000089000000, 0x0000000089000000| Complete 
| 145|0x0000000089100000, 0x0000000089200000, 0x0000000089200000|100%|HC|  |TAMS 0x0000000089100000, 0x0000000089100000| Complete 
| 146|0x0000000089200000, 0x0000000089300000, 0x0000000089300000|100%| O|  |TAMS 0x0000000089200000, 0x0000000089200000| Untracked 
| 147|0x0000000089300000, 0x0000000089400000, 0x0000000089400000|100%| O|  |TAMS 0x0000000089300000, 0x0000000089300000| Untracked 
| 148|0x0000000089400000, 0x0000000089500000, 0x0000000089500000|100%| O|  |TAMS 0x0000000089400000, 0x0000000089400000| Untracked 
| 149|0x0000000089500000, 0x0000000089600000, 0x0000000089600000|100%| O|  |TAMS 0x0000000089500000, 0x0000000089500000| Untracked 
| 150|0x0000000089600000, 0x0000000089700000, 0x0000000089700000|100%| O|  |TAMS 0x0000000089600000, 0x0000000089600000| Untracked 
| 151|0x0000000089700000, 0x0000000089800000, 0x0000000089800000|100%| O|  |TAMS 0x0000000089700000, 0x0000000089700000| Untracked 
| 152|0x0000000089800000, 0x0000000089900000, 0x0000000089900000|100%| O|  |TAMS 0x0000000089800000, 0x0000000089800000| Untracked 
| 153|0x0000000089900000, 0x0000000089a00000, 0x0000000089a00000|100%| O|  |TAMS 0x0000000089900000, 0x0000000089900000| Untracked 
| 154|0x0000000089a00000, 0x0000000089b00000, 0x0000000089b00000|100%| O|  |TAMS 0x0000000089a00000, 0x0000000089a00000| Untracked 
| 155|0x0000000089b00000, 0x0000000089c00000, 0x0000000089c00000|100%| O|  |TAMS 0x0000000089b00000, 0x0000000089b00000| Untracked 
| 156|0x0000000089c00000, 0x0000000089d00000, 0x0000000089d00000|100%| O|  |TAMS 0x0000000089c00000, 0x0000000089c00000| Untracked 
| 157|0x0000000089d00000, 0x0000000089e00000, 0x0000000089e00000|100%| O|  |TAMS 0x0000000089d00000, 0x0000000089d00000| Untracked 
| 158|0x0000000089e00000, 0x0000000089f00000, 0x0000000089f00000|100%| O|  |TAMS 0x0000000089e00000, 0x0000000089e00000| Untracked 
| 159|0x0000000089f00000, 0x000000008a000000, 0x000000008a000000|100%| O|  |TAMS 0x0000000089f00000, 0x0000000089f00000| Untracked 
| 160|0x000000008a000000, 0x000000008a100000, 0x000000008a100000|100%| O|  |TAMS 0x000000008a000000, 0x000000008a000000| Untracked 
| 161|0x000000008a100000, 0x000000008a200000, 0x000000008a200000|100%| O|  |TAMS 0x000000008a100000, 0x000000008a100000| Untracked 
| 162|0x000000008a200000, 0x000000008a300000, 0x000000008a300000|100%| O|  |TAMS 0x000000008a200000, 0x000000008a200000| Untracked 
| 163|0x000000008a300000, 0x000000008a400000, 0x000000008a400000|100%| O|  |TAMS 0x000000008a300000, 0x000000008a300000| Untracked 
| 164|0x000000008a400000, 0x000000008a500000, 0x000000008a500000|100%| O|  |TAMS 0x000000008a400000, 0x000000008a400000| Untracked 
| 165|0x000000008a500000, 0x000000008a600000, 0x000000008a600000|100%| O|  |TAMS 0x000000008a500000, 0x000000008a500000| Untracked 
| 166|0x000000008a600000, 0x000000008a700000, 0x000000008a700000|100%| O|  |TAMS 0x000000008a600000, 0x000000008a600000| Untracked 
| 167|0x000000008a700000, 0x000000008a800000, 0x000000008a800000|100%| O|  |TAMS 0x000000008a700000, 0x000000008a700000| Untracked 
| 168|0x000000008a800000, 0x000000008a900000, 0x000000008a900000|100%| O|  |TAMS 0x000000008a800000, 0x000000008a800000| Untracked 
| 169|0x000000008a900000, 0x000000008aa00000, 0x000000008aa00000|100%| O|  |TAMS 0x000000008a900000, 0x000000008a900000| Untracked 
| 170|0x000000008aa00000, 0x000000008ab00000, 0x000000008ab00000|100%| O|  |TAMS 0x000000008aa00000, 0x000000008aa00000| Untracked 
| 171|0x000000008ab00000, 0x000000008ac00000, 0x000000008ac00000|100%| O|  |TAMS 0x000000008ab00000, 0x000000008ab00000| Untracked 
| 172|0x000000008ac00000, 0x000000008ad00000, 0x000000008ad00000|100%| O|  |TAMS 0x000000008ac00000, 0x000000008ac00000| Untracked 
| 173|0x000000008ad00000, 0x000000008ae00000, 0x000000008ae00000|100%| O|  |TAMS 0x000000008ad00000, 0x000000008ad00000| Untracked 
| 174|0x000000008ae00000, 0x000000008af00000, 0x000000008af00000|100%| O|  |TAMS 0x000000008ae00000, 0x000000008ae00000| Untracked 
| 175|0x000000008af00000, 0x000000008b000000, 0x000000008b000000|100%| O|  |TAMS 0x000000008af00000, 0x000000008af00000| Untracked 
| 176|0x000000008b000000, 0x000000008b100000, 0x000000008b100000|100%| O|  |TAMS 0x000000008b000000, 0x000000008b000000| Untracked 
| 177|0x000000008b100000, 0x000000008b200000, 0x000000008b200000|100%| O|  |TAMS 0x000000008b100000, 0x000000008b100000| Untracked 
| 178|0x000000008b200000, 0x000000008b300000, 0x000000008b300000|100%| O|  |TAMS 0x000000008b200000, 0x000000008b200000| Untracked 
| 179|0x000000008b300000, 0x000000008b400000, 0x000000008b400000|100%| O|  |TAMS 0x000000008b300000, 0x000000008b300000| Untracked 
| 180|0x000000008b400000, 0x000000008b500000, 0x000000008b500000|100%| O|  |TAMS 0x000000008b400000, 0x000000008b400000| Untracked 
| 181|0x000000008b500000, 0x000000008b600000, 0x000000008b600000|100%| O|  |TAMS 0x000000008b500000, 0x000000008b500000| Untracked 
| 182|0x000000008b600000, 0x000000008b700000, 0x000000008b700000|100%| O|  |TAMS 0x000000008b600000, 0x000000008b600000| Untracked 
| 183|0x000000008b700000, 0x000000008b800000, 0x000000008b800000|100%| O|  |TAMS 0x000000008b700000, 0x000000008b700000| Untracked 
| 184|0x000000008b800000, 0x000000008b900000, 0x000000008b900000|100%| O|  |TAMS 0x000000008b800000, 0x000000008b800000| Untracked 
| 185|0x000000008b900000, 0x000000008ba00000, 0x000000008ba00000|100%| O|  |TAMS 0x000000008b900000, 0x000000008b900000| Untracked 
| 186|0x000000008ba00000, 0x000000008bb00000, 0x000000008bb00000|100%| O|  |TAMS 0x000000008ba00000, 0x000000008ba00000| Untracked 
| 187|0x000000008bb00000, 0x000000008bc00000, 0x000000008bc00000|100%| O|  |TAMS 0x000000008bb00000, 0x000000008bb00000| Untracked 
| 188|0x000000008bc00000, 0x000000008bd00000, 0x000000008bd00000|100%| O|  |TAMS 0x000000008bc00000, 0x000000008bc00000| Untracked 
| 189|0x000000008bd00000, 0x000000008be00000, 0x000000008be00000|100%|HS|  |TAMS 0x000000008bd00000, 0x000000008bd00000| Complete 
| 190|0x000000008be00000, 0x000000008bf00000, 0x000000008bf00000|100%| O|  |TAMS 0x000000008be00000, 0x000000008be00000| Untracked 
| 191|0x000000008bf00000, 0x000000008c000000, 0x000000008c000000|100%| O|  |TAMS 0x000000008bf00000, 0x000000008bf00000| Untracked 
| 192|0x000000008c000000, 0x000000008c100000, 0x000000008c100000|100%| O|  |TAMS 0x000000008c000000, 0x000000008c000000| Untracked 
| 193|0x000000008c100000, 0x000000008c200000, 0x000000008c200000|100%| O|  |TAMS 0x000000008c100000, 0x000000008c100000| Untracked 
| 194|0x000000008c200000, 0x000000008c300000, 0x000000008c300000|100%| O|  |TAMS 0x000000008c200000, 0x000000008c200000| Untracked 
| 195|0x000000008c300000, 0x000000008c400000, 0x000000008c400000|100%| O|  |TAMS 0x000000008c300000, 0x000000008c300000| Untracked 
| 196|0x000000008c400000, 0x000000008c500000, 0x000000008c500000|100%| O|  |TAMS 0x000000008c400000, 0x000000008c400000| Untracked 
| 197|0x000000008c500000, 0x000000008c600000, 0x000000008c600000|100%| O|  |TAMS 0x000000008c500000, 0x000000008c500000| Untracked 
| 198|0x000000008c600000, 0x000000008c700000, 0x000000008c700000|100%| O|  |TAMS 0x000000008c600000, 0x000000008c600000| Untracked 
| 199|0x000000008c700000, 0x000000008c800000, 0x000000008c800000|100%| O|  |TAMS 0x000000008c700000, 0x000000008c700000| Untracked 
| 200|0x000000008c800000, 0x000000008c900000, 0x000000008c900000|100%| O|  |TAMS 0x000000008c800000, 0x000000008c800000| Untracked 
| 201|0x000000008c900000, 0x000000008ca00000, 0x000000008ca00000|100%| O|  |TAMS 0x000000008c900000, 0x000000008c900000| Untracked 
| 202|0x000000008ca00000, 0x000000008cb00000, 0x000000008cb00000|100%| O|  |TAMS 0x000000008ca00000, 0x000000008ca00000| Untracked 
| 203|0x000000008cb00000, 0x000000008cc00000, 0x000000008cc00000|100%|HS|  |TAMS 0x000000008cb00000, 0x000000008cb00000| Complete 
| 204|0x000000008cc00000, 0x000000008cd00000, 0x000000008cd00000|100%|HS|  |TAMS 0x000000008cc00000, 0x000000008cc00000| Complete 
| 205|0x000000008cd00000, 0x000000008ce00000, 0x000000008ce00000|100%|HS|  |TAMS 0x000000008cd00000, 0x000000008cd00000| Complete 
| 206|0x000000008ce00000, 0x000000008cf00000, 0x000000008cf00000|100%|HC|  |TAMS 0x000000008ce00000, 0x000000008ce00000| Complete 
| 207|0x000000008cf00000, 0x000000008d000000, 0x000000008d000000|100%|HS|  |TAMS 0x000000008cf00000, 0x000000008cf00000| Complete 
| 208|0x000000008d000000, 0x000000008d100000, 0x000000008d100000|100%|HS|  |TAMS 0x000000008d000000, 0x000000008d000000| Complete 
| 209|0x000000008d100000, 0x000000008d200000, 0x000000008d200000|100%|HC|  |TAMS 0x000000008d100000, 0x000000008d100000| Complete 
| 210|0x000000008d200000, 0x000000008d300000, 0x000000008d300000|100%|HS|  |TAMS 0x000000008d200000, 0x000000008d200000| Complete 
| 211|0x000000008d300000, 0x000000008d400000, 0x000000008d400000|100%|HS|  |TAMS 0x000000008d300000, 0x000000008d300000| Complete 
| 212|0x000000008d400000, 0x000000008d500000, 0x000000008d500000|100%|HC|  |TAMS 0x000000008d400000, 0x000000008d400000| Complete 
| 213|0x000000008d500000, 0x000000008d600000, 0x000000008d600000|100%|HS|  |TAMS 0x000000008d500000, 0x000000008d500000| Complete 
| 214|0x000000008d600000, 0x000000008d700000, 0x000000008d700000|100%|HS|  |TAMS 0x000000008d600000, 0x000000008d600000| Complete 
| 215|0x000000008d700000, 0x000000008d800000, 0x000000008d800000|100%|HS|  |TAMS 0x000000008d700000, 0x000000008d700000| Complete 
| 216|0x000000008d800000, 0x000000008d900000, 0x000000008d900000|100%|HC|  |TAMS 0x000000008d800000, 0x000000008d800000| Complete 
| 217|0x000000008d900000, 0x000000008da00000, 0x000000008da00000|100%| O|  |TAMS 0x000000008d900000, 0x000000008d900000| Untracked 
| 218|0x000000008da00000, 0x000000008db00000, 0x000000008db00000|100%| O|  |TAMS 0x000000008da00000, 0x000000008da00000| Untracked 
| 219|0x000000008db00000, 0x000000008dc00000, 0x000000008dc00000|100%| O|  |TAMS 0x000000008db00000, 0x000000008db00000| Untracked 
| 220|0x000000008dc00000, 0x000000008dd00000, 0x000000008dd00000|100%| O|  |TAMS 0x000000008dc00000, 0x000000008dc00000| Untracked 
| 221|0x000000008dd00000, 0x000000008de00000, 0x000000008de00000|100%| O|  |TAMS 0x000000008dd00000, 0x000000008dd00000| Untracked 
| 222|0x000000008de00000, 0x000000008df00000, 0x000000008df00000|100%| O|  |TAMS 0x000000008de00000, 0x000000008de00000| Untracked 
| 223|0x000000008df00000, 0x000000008e000000, 0x000000008e000000|100%| O|  |TAMS 0x000000008df00000, 0x000000008df00000| Untracked 
| 224|0x000000008e000000, 0x000000008e100000, 0x000000008e100000|100%| O|  |TAMS 0x000000008e000000, 0x000000008e000000| Untracked 
| 225|0x000000008e100000, 0x000000008e200000, 0x000000008e200000|100%|HS|  |TAMS 0x000000008e100000, 0x000000008e100000| Complete 
| 226|0x000000008e200000, 0x000000008e300000, 0x000000008e300000|100%|HS|  |TAMS 0x000000008e200000, 0x000000008e200000| Complete 
| 227|0x000000008e300000, 0x000000008e400000, 0x000000008e400000|100%|HS|  |TAMS 0x000000008e300000, 0x000000008e300000| Complete 
| 228|0x000000008e400000, 0x000000008e500000, 0x000000008e500000|100%|HS|  |TAMS 0x000000008e400000, 0x000000008e400000| Complete 
| 229|0x000000008e500000, 0x000000008e600000, 0x000000008e600000|100%|HC|  |TAMS 0x000000008e500000, 0x000000008e500000| Complete 
| 230|0x000000008e600000, 0x000000008e700000, 0x000000008e700000|100%|HS|  |TAMS 0x000000008e600000, 0x000000008e600000| Complete 
| 231|0x000000008e700000, 0x000000008e800000, 0x000000008e800000|100%|HS|  |TAMS 0x000000008e700000, 0x000000008e700000| Complete 
| 232|0x000000008e800000, 0x000000008e900000, 0x000000008e900000|100%| O|  |TAMS 0x000000008e800000, 0x000000008e800000| Untracked 
| 233|0x000000008e900000, 0x000000008ea00000, 0x000000008ea00000|100%| O|  |TAMS 0x000000008e900000, 0x000000008e900000| Untracked 
| 234|0x000000008ea00000, 0x000000008eb00000, 0x000000008eb00000|100%| O|  |TAMS 0x000000008ea00000, 0x000000008ea00000| Untracked 
| 235|0x000000008eb00000, 0x000000008ec00000, 0x000000008ec00000|100%| O|  |TAMS 0x000000008eb00000, 0x000000008eb00000| Untracked 
| 236|0x000000008ec00000, 0x000000008ecf8600, 0x000000008ed00000| 97%| O|  |TAMS 0x000000008ec00000, 0x000000008ec00000| Untracked 
| 237|0x000000008ed00000, 0x000000008ed00000, 0x000000008ee00000|  0%| F|  |TAMS 0x000000008ed00000, 0x000000008ed00000| Untracked 
| 238|0x000000008ee00000, 0x000000008ee00000, 0x000000008ef00000|  0%| F|  |TAMS 0x000000008ee00000, 0x000000008ee00000| Untracked 
| 239|0x000000008ef00000, 0x000000008ef00000, 0x000000008f000000|  0%| F|  |TAMS 0x000000008ef00000, 0x000000008ef00000| Untracked 
| 240|0x000000008f000000, 0x000000008f000000, 0x000000008f100000|  0%| F|  |TAMS 0x000000008f000000, 0x000000008f000000| Untracked 
| 241|0x000000008f100000, 0x000000008f100000, 0x000000008f200000|  0%| F|  |TAMS 0x000000008f100000, 0x000000008f100000| Untracked 
| 242|0x000000008f200000, 0x000000008f200000, 0x000000008f300000|  0%| F|  |TAMS 0x000000008f200000, 0x000000008f200000| Untracked 
| 243|0x000000008f300000, 0x000000008f300000, 0x000000008f400000|  0%| F|  |TAMS 0x000000008f300000, 0x000000008f300000| Untracked 
| 244|0x000000008f400000, 0x000000008f400000, 0x000000008f500000|  0%| F|  |TAMS 0x000000008f400000, 0x000000008f400000| Untracked 
| 245|0x000000008f500000, 0x000000008f500000, 0x000000008f600000|  0%| F|  |TAMS 0x000000008f500000, 0x000000008f500000| Untracked 
| 246|0x000000008f600000, 0x000000008f600000, 0x000000008f700000|  0%| F|  |TAMS 0x000000008f600000, 0x000000008f600000| Untracked 
| 247|0x000000008f700000, 0x000000008f700000, 0x000000008f800000|  0%| F|  |TAMS 0x000000008f700000, 0x000000008f700000| Untracked 
| 248|0x000000008f800000, 0x000000008f800000, 0x000000008f900000|  0%| F|  |TAMS 0x000000008f800000, 0x000000008f800000| Untracked 
| 249|0x000000008f900000, 0x000000008f900000, 0x000000008fa00000|  0%| F|  |TAMS 0x000000008f900000, 0x000000008f900000| Untracked 
| 250|0x000000008fa00000, 0x000000008fa00000, 0x000000008fb00000|  0%| F|  |TAMS 0x000000008fa00000, 0x000000008fa00000| Untracked 
| 251|0x000000008fb00000, 0x000000008fb00000, 0x000000008fc00000|  0%| F|  |TAMS 0x000000008fb00000, 0x000000008fb00000| Untracked 
| 252|0x000000008fc00000, 0x000000008fc00000, 0x000000008fd00000|  0%| F|  |TAMS 0x000000008fc00000, 0x000000008fc00000| Untracked 
| 253|0x000000008fd00000, 0x000000008fd00000, 0x000000008fe00000|  0%| F|  |TAMS 0x000000008fd00000, 0x000000008fd00000| Untracked 
| 254|0x000000008fe00000, 0x000000008fe00000, 0x000000008ff00000|  0%| F|  |TAMS 0x000000008fe00000, 0x000000008fe00000| Untracked 
| 255|0x000000008ff00000, 0x000000008ff00000, 0x0000000090000000|  0%| F|  |TAMS 0x000000008ff00000, 0x000000008ff00000| Untracked 
| 256|0x0000000090000000, 0x0000000090000000, 0x0000000090100000|  0%| F|  |TAMS 0x0000000090000000, 0x0000000090000000| Untracked 
| 257|0x0000000090100000, 0x0000000090100000, 0x0000000090200000|  0%| F|  |TAMS 0x0000000090100000, 0x0000000090100000| Untracked 
| 258|0x0000000090200000, 0x0000000090200000, 0x0000000090300000|  0%| F|  |TAMS 0x0000000090200000, 0x0000000090200000| Untracked 
| 259|0x0000000090300000, 0x0000000090300000, 0x0000000090400000|  0%| F|  |TAMS 0x0000000090300000, 0x0000000090300000| Untracked 
| 260|0x0000000090400000, 0x0000000090400000, 0x0000000090500000|  0%| F|  |TAMS 0x0000000090400000, 0x0000000090400000| Untracked 
| 261|0x0000000090500000, 0x0000000090500000, 0x0000000090600000|  0%| F|  |TAMS 0x0000000090500000, 0x0000000090500000| Untracked 
| 262|0x0000000090600000, 0x0000000090600000, 0x0000000090700000|  0%| F|  |TAMS 0x0000000090600000, 0x0000000090600000| Untracked 
| 263|0x0000000090700000, 0x0000000090700000, 0x0000000090800000|  0%| F|  |TAMS 0x0000000090700000, 0x0000000090700000| Untracked 
| 264|0x0000000090800000, 0x0000000090800000, 0x0000000090900000|  0%| F|  |TAMS 0x0000000090800000, 0x0000000090800000| Untracked 
| 265|0x0000000090900000, 0x0000000090900000, 0x0000000090a00000|  0%| F|  |TAMS 0x0000000090900000, 0x0000000090900000| Untracked 
| 266|0x0000000090a00000, 0x0000000090a00000, 0x0000000090b00000|  0%| F|  |TAMS 0x0000000090a00000, 0x0000000090a00000| Untracked 
| 267|0x0000000090b00000, 0x0000000090b00000, 0x0000000090c00000|  0%| F|  |TAMS 0x0000000090b00000, 0x0000000090b00000| Untracked 
| 268|0x0000000090c00000, 0x0000000090c00000, 0x0000000090d00000|  0%| F|  |TAMS 0x0000000090c00000, 0x0000000090c00000| Untracked 
| 269|0x0000000090d00000, 0x0000000090d00000, 0x0000000090e00000|  0%| F|  |TAMS 0x0000000090d00000, 0x0000000090d00000| Untracked 
| 270|0x0000000090e00000, 0x0000000090e00000, 0x0000000090f00000|  0%| F|  |TAMS 0x0000000090e00000, 0x0000000090e00000| Untracked 
| 271|0x0000000090f00000, 0x0000000090f00000, 0x0000000091000000|  0%| F|  |TAMS 0x0000000090f00000, 0x0000000090f00000| Untracked 
| 272|0x0000000091000000, 0x0000000091000000, 0x0000000091100000|  0%| F|  |TAMS 0x0000000091000000, 0x0000000091000000| Untracked 
| 273|0x0000000091100000, 0x0000000091100000, 0x0000000091200000|  0%| F|  |TAMS 0x0000000091100000, 0x0000000091100000| Untracked 
| 274|0x0000000091200000, 0x0000000091200000, 0x0000000091300000|  0%| F|  |TAMS 0x0000000091200000, 0x0000000091200000| Untracked 
| 275|0x0000000091300000, 0x0000000091300000, 0x0000000091400000|  0%| F|  |TAMS 0x0000000091300000, 0x0000000091300000| Untracked 
| 276|0x0000000091400000, 0x0000000091400000, 0x0000000091500000|  0%| F|  |TAMS 0x0000000091400000, 0x0000000091400000| Untracked 
| 277|0x0000000091500000, 0x0000000091500000, 0x0000000091600000|  0%| F|  |TAMS 0x0000000091500000, 0x0000000091500000| Untracked 
| 278|0x0000000091600000, 0x0000000091600000, 0x0000000091700000|  0%| F|  |TAMS 0x0000000091600000, 0x0000000091600000| Untracked 
| 279|0x0000000091700000, 0x0000000091700000, 0x0000000091800000|  0%| F|  |TAMS 0x0000000091700000, 0x0000000091700000| Untracked 
| 280|0x0000000091800000, 0x0000000091890048, 0x0000000091900000| 56%| S|CS|TAMS 0x0000000091800000, 0x0000000091800000| Complete 
| 281|0x0000000091900000, 0x0000000091a00000, 0x0000000091a00000|100%| S|CS|TAMS 0x0000000091900000, 0x0000000091900000| Complete 
| 282|0x0000000091a00000, 0x0000000091b00000, 0x0000000091b00000|100%| S|CS|TAMS 0x0000000091a00000, 0x0000000091a00000| Complete 
| 283|0x0000000091b00000, 0x0000000091c00000, 0x0000000091c00000|100%| S|CS|TAMS 0x0000000091b00000, 0x0000000091b00000| Complete 
| 284|0x0000000091c00000, 0x0000000091c00000, 0x0000000091d00000|  0%| F|  |TAMS 0x0000000091c00000, 0x0000000091c00000| Untracked 
| 285|0x0000000091d00000, 0x0000000091d00000, 0x0000000091e00000|  0%| F|  |TAMS 0x0000000091d00000, 0x0000000091d00000| Untracked 
| 286|0x0000000091e00000, 0x0000000091e00000, 0x0000000091f00000|  0%| F|  |TAMS 0x0000000091e00000, 0x0000000091e00000| Untracked 
| 287|0x0000000091f00000, 0x0000000091f00000, 0x0000000092000000|  0%| F|  |TAMS 0x0000000091f00000, 0x0000000091f00000| Untracked 
| 288|0x0000000092000000, 0x0000000092000000, 0x0000000092100000|  0%| F|  |TAMS 0x0000000092000000, 0x0000000092000000| Untracked 
| 289|0x0000000092100000, 0x0000000092100000, 0x0000000092200000|  0%| F|  |TAMS 0x0000000092100000, 0x0000000092100000| Untracked 
| 290|0x0000000092200000, 0x0000000092200000, 0x0000000092300000|  0%| F|  |TAMS 0x0000000092200000, 0x0000000092200000| Untracked 
| 291|0x0000000092300000, 0x0000000092300000, 0x0000000092400000|  0%| F|  |TAMS 0x0000000092300000, 0x0000000092300000| Untracked 
| 292|0x0000000092400000, 0x0000000092400000, 0x0000000092500000|  0%| F|  |TAMS 0x0000000092400000, 0x0000000092400000| Untracked 
| 293|0x0000000092500000, 0x0000000092500000, 0x0000000092600000|  0%| F|  |TAMS 0x0000000092500000, 0x0000000092500000| Untracked 
| 294|0x0000000092600000, 0x0000000092600000, 0x0000000092700000|  0%| F|  |TAMS 0x0000000092600000, 0x0000000092600000| Untracked 
| 295|0x0000000092700000, 0x0000000092700000, 0x0000000092800000|  0%| F|  |TAMS 0x0000000092700000, 0x0000000092700000| Untracked 
| 296|0x0000000092800000, 0x0000000092800000, 0x0000000092900000|  0%| F|  |TAMS 0x0000000092800000, 0x0000000092800000| Untracked 
| 297|0x0000000092900000, 0x0000000092900000, 0x0000000092a00000|  0%| F|  |TAMS 0x0000000092900000, 0x0000000092900000| Untracked 
| 298|0x0000000092a00000, 0x0000000092a00000, 0x0000000092b00000|  0%| F|  |TAMS 0x0000000092a00000, 0x0000000092a00000| Untracked 
| 299|0x0000000092b00000, 0x0000000092b00000, 0x0000000092c00000|  0%| F|  |TAMS 0x0000000092b00000, 0x0000000092b00000| Untracked 
| 300|0x0000000092c00000, 0x0000000092c00000, 0x0000000092d00000|  0%| F|  |TAMS 0x0000000092c00000, 0x0000000092c00000| Untracked 
| 301|0x0000000092d00000, 0x0000000092d00000, 0x0000000092e00000|  0%| F|  |TAMS 0x0000000092d00000, 0x0000000092d00000| Untracked 
| 302|0x0000000092e00000, 0x0000000092e00000, 0x0000000092f00000|  0%| F|  |TAMS 0x0000000092e00000, 0x0000000092e00000| Untracked 
| 303|0x0000000092f00000, 0x0000000092f00000, 0x0000000093000000|  0%| F|  |TAMS 0x0000000092f00000, 0x0000000092f00000| Untracked 
| 304|0x0000000093000000, 0x0000000093000000, 0x0000000093100000|  0%| F|  |TAMS 0x0000000093000000, 0x0000000093000000| Untracked 
| 305|0x0000000093100000, 0x0000000093100000, 0x0000000093200000|  0%| F|  |TAMS 0x0000000093100000, 0x0000000093100000| Untracked 
| 306|0x0000000093200000, 0x0000000093200000, 0x0000000093300000|  0%| F|  |TAMS 0x0000000093200000, 0x0000000093200000| Untracked 
| 307|0x0000000093300000, 0x0000000093300000, 0x0000000093400000|  0%| F|  |TAMS 0x0000000093300000, 0x0000000093300000| Untracked 
| 308|0x0000000093400000, 0x0000000093400000, 0x0000000093500000|  0%| F|  |TAMS 0x0000000093400000, 0x0000000093400000| Untracked 
| 309|0x0000000093500000, 0x0000000093500000, 0x0000000093600000|  0%| F|  |TAMS 0x0000000093500000, 0x0000000093500000| Untracked 
| 310|0x0000000093600000, 0x0000000093600000, 0x0000000093700000|  0%| F|  |TAMS 0x0000000093600000, 0x0000000093600000| Untracked 
| 311|0x0000000093700000, 0x0000000093700000, 0x0000000093800000|  0%| F|  |TAMS 0x0000000093700000, 0x0000000093700000| Untracked 

Card table byte_map: [0x00000171593a0000,0x00000171597a0000] _byte_map_base: 0x0000017158fa0000

Marking Bits (Prev, Next): (CMBitMap*) 0x00000171461d5910, (CMBitMap*) 0x00000171461d58d8
 Prev Bits: [0x000001715bba0000, 0x000001715dba0000)
 Next Bits: [0x0000017159ba0000, 0x000001715bba0000)

Polling page: 0x0000017145960000

Metaspace:

Usage:
  Non-class:     97.47 MB capacity,    95.47 MB ( 98%) used,     1.61 MB (  2%) free+waste,   391.06 KB ( <1%) overhead. 
      Class:     15.34 MB capacity,    14.13 MB ( 92%) used,     1.03 MB (  7%) free+waste,   179.81 KB (  1%) overhead. 
       Both:    112.81 MB capacity,   109.60 MB ( 97%) used,     2.65 MB (  2%) free+waste,   570.88 KB ( <1%) overhead. 

Virtual space:
  Non-class space:       98.00 MB reserved,      97.68 MB (>99%) committed 
      Class space:        1.00 GB reserved,      15.45 MB (  2%) committed 
             Both:        1.10 GB reserved,     113.13 MB ( 10%) committed 

Chunk freelists:
   Non-Class:  22.00 KB
       Class:  3.00 KB
        Both:  25.00 KB

MaxMetaspaceSize: 17179869184.00 GB
CompressedClassSpaceSize: 1.00 GB

CodeHeap 'non-profiled nmethods': size=120000Kb used=7380Kb max_used=7380Kb free=112619Kb
 bounds [0x0000017151740000, 0x0000017151e80000, 0x0000017158c70000]
CodeHeap 'profiled nmethods': size=120000Kb used=35402Kb max_used=35402Kb free=84597Kb
 bounds [0x000001714a210000, 0x000001714c4b0000, 0x0000017151740000]
CodeHeap 'non-nmethods': size=5760Kb used=2333Kb max_used=2387Kb free=3426Kb
 bounds [0x0000017149c70000, 0x0000017149ee0000, 0x000001714a210000]
 total_blobs=17298 nmethods=16348 adapters=860
 compilation: enabled
              stopped_count=0, restarted_count=0
 full_count=0

Compilation events (20 events):
Event: 28.047 Thread 0x0000017160e4d000 16861       1       com.android.tools.r8.graph.G$j::b (5 bytes)
Event: 28.047 Thread 0x0000017160e4d000 nmethod 16861 0x0000017151e74c90 code [0x0000017151e74e40, 0x0000017151e74ed8]
Event: 28.047 Thread 0x0000017160e4d000 16862       1       com.android.tools.r8.graph.G$j::c (5 bytes)
Event: 28.047 Thread 0x0000017160e4d000 nmethod 16862 0x0000017151e74f90 code [0x0000017151e75140, 0x0000017151e751d8]
Event: 28.048 Thread 0x0000017160e4d000 16863       2       com.android.tools.r8.graph.G$j$$Lambda$2217/0x0000000100f49040::apply (8 bytes)
Event: 28.048 Thread 0x0000017160e4d000 nmethod 16863 0x000001714c49df10 code [0x000001714c49e0c0, 0x000001714c49e1f8]
Event: 28.068 Thread 0x0000017160e4d000 16864 %     3       com.android.tools.r8.internal.Vt::g @ 74 (323 bytes)
Event: 28.069 Thread 0x0000017160e4d000 nmethod 16864% 0x000001714c49e310 code [0x000001714c49e5e0, 0x000001714c49f798]
Event: 28.070 Thread 0x0000017160e4d000 16866       3       com.android.tools.r8.internal.Vt::g (323 bytes)
Event: 28.071 Thread 0x0000017160e4d000 nmethod 16866 0x000001714c49ff10 code [0x000001714c4a01c0, 0x000001714c4a1078]
Event: 28.085 Thread 0x0000017160e4d000 16868       2       com.android.tools.r8.graph.G$j$$Lambda$2214/0x0000000100f4a440::applyAsInt (8 bytes)
Event: 28.086 Thread 0x0000017160e4d000 nmethod 16868 0x000001714c4a1610 code [0x000001714c4a17c0, 0x000001714c4a18f8]
Event: 28.086 Thread 0x0000017160e4d000 16869       2       com.android.tools.r8.graph.G$j$$Lambda$2215/0x0000000100f49840::apply (8 bytes)
Event: 28.086 Thread 0x0000017160e4d000 nmethod 16869 0x000001714c4a1a10 code [0x000001714c4a1bc0, 0x000001714c4a1cf8]
Event: 28.089 Thread 0x0000017160e4d000 16870       2       com.android.tools.r8.graph.O::f0 (52 bytes)
Event: 28.089 Thread 0x0000017160e4d000 nmethod 16870 0x000001714c4a1e10 code [0x000001714c4a1fc0, 0x000001714c4a2128]
Event: 28.092 Thread 0x0000017160e4d000 16872       2       com.android.tools.r8.graph.f0$n::hashCode (9 bytes)
Event: 28.092 Thread 0x0000017160e4d000 nmethod 16872 0x000001714c4a2210 code [0x000001714c4a23c0, 0x000001714c4a24b8]
Event: 28.092 Thread 0x0000017160e4d000 16873       2       com.android.tools.r8.graph.f0$e::hashCode (17 bytes)
Event: 28.092 Thread 0x0000017160e4d000 nmethod 16873 0x000001714c4a2590 code [0x000001714c4a2740, 0x000001714c4a2858]

GC Heap History (20 events):
Event: 23.627 GC heap after
{Heap after GC invocations=44 (full 0):
 garbage-first heap   total 187392K, used 118142K [0x0000000080000000, 0x0000000100000000)
  region size 1024K, 2 young (2048K), 2 survivors (2048K)
 Metaspace       used 102282K, capacity 104985K, committed 105216K, reserved 1140736K
  class space    used 13078K, capacity 14057K, committed 14156K, reserved 1048576K
}
Event: 23.748 GC heap before
{Heap before GC invocations=44 (full 0):
 garbage-first heap   total 187392K, used 145790K [0x0000000080000000, 0x0000000100000000)
  region size 1024K, 30 young (30720K), 2 survivors (2048K)
 Metaspace       used 103856K, capacity 106630K, committed 106880K, reserved 1142784K
  class space    used 13280K, capacity 14272K, committed 14284K, reserved 1048576K
}
Event: 23.765 GC heap after
{Heap after GC invocations=45 (full 0):
 garbage-first heap   total 187392K, used 125521K [0x0000000080000000, 0x0000000100000000)
  region size 1024K, 4 young (4096K), 4 survivors (4096K)
 Metaspace       used 103856K, capacity 106630K, committed 106880K, reserved 1142784K
  class space    used 13280K, capacity 14272K, committed 14284K, reserved 1048576K
}
Event: 24.115 GC heap before
{Heap before GC invocations=46 (full 0):
 garbage-first heap   total 187392K, used 148049K [0x0000000080000000, 0x0000000100000000)
  region size 1024K, 29 young (29696K), 4 survivors (4096K)
 Metaspace       used 107063K, capacity 109981K, committed 110208K, reserved 1144832K
  class space    used 13848K, capacity 14949K, committed 15052K, reserved 1048576K
}
Event: 24.126 GC heap after
{Heap after GC invocations=47 (full 0):
 garbage-first heap   total 257024K, used 125678K [0x0000000080000000, 0x0000000100000000)
  region size 1024K, 3 young (3072K), 3 survivors (3072K)
 Metaspace       used 107063K, capacity 109981K, committed 110208K, reserved 1144832K
  class space    used 13848K, capacity 14949K, committed 15052K, reserved 1048576K
}
Event: 24.189 GC heap before
{Heap before GC invocations=47 (full 0):
 garbage-first heap   total 257024K, used 134894K [0x0000000080000000, 0x0000000100000000)
  region size 1024K, 12 young (12288K), 3 survivors (3072K)
 Metaspace       used 107497K, capacity 110416K, committed 110464K, reserved 1144832K
  class space    used 13913K, capacity 15009K, committed 15052K, reserved 1048576K
}
Event: 24.194 GC heap after
{Heap after GC invocations=48 (full 0):
 garbage-first heap   total 257024K, used 127317K [0x0000000080000000, 0x0000000100000000)
  region size 1024K, 2 young (2048K), 2 survivors (2048K)
 Metaspace       used 107497K, capacity 110416K, committed 110464K, reserved 1144832K
  class space    used 13913K, capacity 15009K, committed 15052K, reserved 1048576K
}
Event: 24.566 GC heap before
{Heap before GC invocations=48 (full 0):
 garbage-first heap   total 257024K, used 176469K [0x0000000080000000, 0x0000000100000000)
  region size 1024K, 51 young (52224K), 2 survivors (2048K)
 Metaspace       used 109727K, capacity 112926K, committed 113152K, reserved 1146880K
  class space    used 14191K, capacity 15367K, committed 15436K, reserved 1048576K
}
Event: 24.574 GC heap after
{Heap after GC invocations=49 (full 0):
 garbage-first heap   total 257024K, used 130782K [0x0000000080000000, 0x0000000100000000)
  region size 1024K, 6 young (6144K), 6 survivors (6144K)
 Metaspace       used 109727K, capacity 112926K, committed 113152K, reserved 1146880K
  class space    used 14191K, capacity 15367K, committed 15436K, reserved 1048576K
}
Event: 25.344 GC heap before
{Heap before GC invocations=49 (full 0):
 garbage-first heap   total 257024K, used 205534K [0x0000000080000000, 0x0000000100000000)
  region size 1024K, 57 young (58368K), 6 survivors (6144K)
 Metaspace       used 111075K, capacity 114225K, committed 114560K, reserved 1148928K
  class space    used 14288K, capacity 15477K, committed 15564K, reserved 1048576K
}
Event: 25.353 GC heap after
{Heap after GC invocations=50 (full 0):
 garbage-first heap   total 257024K, used 148941K [0x0000000080000000, 0x0000000100000000)
  region size 1024K, 8 young (8192K), 8 survivors (8192K)
 Metaspace       used 111075K, capacity 114225K, committed 114560K, reserved 1148928K
  class space    used 14288K, capacity 15477K, committed 15564K, reserved 1048576K
}
Event: 25.721 GC heap before
{Heap before GC invocations=50 (full 0):
 garbage-first heap   total 257024K, used 198093K [0x0000000080000000, 0x0000000100000000)
  region size 1024K, 53 young (54272K), 8 survivors (8192K)
 Metaspace       used 111902K, capacity 115097K, committed 115328K, reserved 1148928K
  class space    used 14452K, capacity 15686K, committed 15820K, reserved 1048576K
}
Event: 25.750 GC heap after
{Heap after GC invocations=51 (full 0):
 garbage-first heap   total 319488K, used 170282K [0x0000000080000000, 0x0000000100000000)
  region size 1024K, 7 young (7168K), 7 survivors (7168K)
 Metaspace       used 111902K, capacity 115097K, committed 115328K, reserved 1148928K
  class space    used 14452K, capacity 15686K, committed 15820K, reserved 1048576K
}
Event: 26.269 GC heap before
{Heap before GC invocations=51 (full 0):
 garbage-first heap   total 319488K, used 230698K [0x0000000080000000, 0x0000000100000000)
  region size 1024K, 65 young (66560K), 7 survivors (7168K)
 Metaspace       used 112071K, capacity 115337K, committed 115584K, reserved 1148928K
  class space    used 14462K, capacity 15697K, committed 15820K, reserved 1048576K
}
Event: 26.301 GC heap after
{Heap after GC invocations=52 (full 0):
 garbage-first heap   total 319488K, used 201984K [0x0000000080000000, 0x0000000100000000)
  region size 1024K, 9 young (9216K), 9 survivors (9216K)
 Metaspace       used 112071K, capacity 115337K, committed 115584K, reserved 1148928K
  class space    used 14462K, capacity 15697K, committed 15820K, reserved 1048576K
}
Event: 26.806 GC heap before
{Heap before GC invocations=52 (full 0):
 garbage-first heap   total 319488K, used 243968K [0x0000000080000000, 0x0000000100000000)
  region size 1024K, 50 young (51200K), 9 survivors (9216K)
 Metaspace       used 112160K, capacity 115413K, committed 115584K, reserved 1148928K
  class space    used 14462K, capacity 15697K, committed 15820K, reserved 1048576K
}
Event: 26.831 GC heap after
{Heap after GC invocations=53 (full 0):
 garbage-first heap   total 319488K, used 214016K [0x0000000080000000, 0x0000000100000000)
  region size 1024K, 7 young (7168K), 7 survivors (7168K)
 Metaspace       used 112160K, capacity 115413K, committed 115584K, reserved 1148928K
  class space    used 14462K, capacity 15697K, committed 15820K, reserved 1048576K
}
Event: 27.560 GC heap before
{Heap before GC invocations=53 (full 0):
 garbage-first heap   total 319488K, used 266240K [0x0000000080000000, 0x0000000100000000)
  region size 1024K, 44 young (45056K), 7 survivors (7168K)
 Metaspace       used 112195K, capacity 115417K, committed 115584K, reserved 1148928K
  class space    used 14462K, capacity 15697K, committed 15820K, reserved 1048576K
}
Event: 27.580 GC heap after
{Heap after GC invocations=54 (full 0):
 garbage-first heap   total 319488K, used 235313K [0x0000000080000000, 0x0000000100000000)
  region size 1024K, 6 young (6144K), 6 survivors (6144K)
 Metaspace       used 112195K, capacity 115417K, committed 115584K, reserved 1148928K
  class space    used 14462K, capacity 15697K, committed 15820K, reserved 1048576K
}
Event: 28.097 GC heap before
{Heap before GC invocations=54 (full 0):
 garbage-first heap   total 319488K, used 270129K [0x0000000080000000, 0x0000000100000000)
  region size 1024K, 34 young (34816K), 6 survivors (6144K)
 Metaspace       used 112233K, capacity 115515K, committed 115840K, reserved 1148928K
  class space    used 14469K, capacity 15709K, committed 15820K, reserved 1048576K
}

Deoptimization events (20 events):
Event: 27.837 Thread 0x00000171631a7800 DEOPT PACKING pc=0x000001714c152861 sp=0x00000004d8bfeaf0
Event: 27.837 Thread 0x00000171631a7800 DEOPT UNPACKING pc=0x0000017149c976ce sp=0x00000004d8bfdfe0 mode 0
Event: 27.841 Thread 0x00000171631a7800 DEOPT PACKING pc=0x000001714c152861 sp=0x00000004d8bfeaf0
Event: 27.841 Thread 0x00000171631a7800 DEOPT UNPACKING pc=0x0000017149c976ce sp=0x00000004d8bfdfe0 mode 0
Event: 27.844 Thread 0x00000171631a7800 DEOPT PACKING pc=0x000001714c152861 sp=0x00000004d8bfeaf0
Event: 27.844 Thread 0x00000171631a7800 DEOPT UNPACKING pc=0x0000017149c976ce sp=0x00000004d8bfdfe0 mode 0
Event: 27.848 Thread 0x00000171631a7800 DEOPT PACKING pc=0x000001714c152861 sp=0x00000004d8bfeaf0
Event: 27.848 Thread 0x00000171631a7800 DEOPT UNPACKING pc=0x0000017149c976ce sp=0x00000004d8bfdfe0 mode 0
Event: 27.851 Thread 0x00000171631a7800 DEOPT PACKING pc=0x000001714c152861 sp=0x00000004d8bfeaf0
Event: 27.851 Thread 0x00000171631a7800 DEOPT UNPACKING pc=0x0000017149c976ce sp=0x00000004d8bfdfe0 mode 0
Event: 27.858 Thread 0x00000171631a7800 DEOPT PACKING pc=0x000001714c152861 sp=0x00000004d8bfeaf0
Event: 27.858 Thread 0x00000171631a7800 DEOPT UNPACKING pc=0x0000017149c976ce sp=0x00000004d8bfdfe0 mode 0
Event: 27.871 Thread 0x00000171631a7800 DEOPT PACKING pc=0x000001714c152861 sp=0x00000004d8bfeaf0
Event: 27.871 Thread 0x00000171631a7800 DEOPT UNPACKING pc=0x0000017149c976ce sp=0x00000004d8bfdfe0 mode 0
Event: 28.089 Thread 0x00000171631a7800 Uncommon trap: trap_request=0xffffff4d fr.pc=0x0000017151e2c504 relative=0x00000000000000c4
Event: 28.089 Thread 0x00000171631a7800 Uncommon trap: reason=unstable_if action=reinterpret pc=0x0000017151e2c504 method=com.android.tools.r8.graph.f0.a(Lcom/android/tools/r8/graph/d0;)Lcom/android/tools/r8/graph/f0; @ 4 c2
Event: 28.089 Thread 0x00000171631a7800 DEOPT PACKING pc=0x0000017151e2c504 sp=0x00000004d8bfeea0
Event: 28.089 Thread 0x00000171631a7800 DEOPT UNPACKING pc=0x0000017149c978af sp=0x00000004d8bfedd0 mode 2
Event: 28.093 Thread 0x00000171631a7800 DEOPT PACKING pc=0x000001714c487f94 sp=0x00000004d8bfecf0
Event: 28.093 Thread 0x00000171631a7800 DEOPT UNPACKING pc=0x0000017149c976ce sp=0x00000004d8bfe1d0 mode 0

Classes redefined (0 events):
No events

Internal exceptions (20 events):
Event: 24.516 Thread 0x00000171621d7800 Exception <a 'java/lang/NoSuchMethodError'{0x000000008ccf9d30}: 'void java.lang.invoke.DirectMethodHandle$Holder.invokeVirtual(java.lang.Object, java.lang.Object, int)'> (0x000000008ccf9d30) thrown at [./src/hotspot/share/interpreter/linkResolver.cpp, line 773]
Event: 24.516 Thread 0x00000171621d6800 Exception <a 'java/lang/NoSuchMethodError'{0x000000008ccf26e8}: 'void java.lang.invoke.DirectMethodHandle$Holder.invokeVirtual(java.lang.Object, java.lang.Object, int)'> (0x000000008ccf26e8) thrown at [./src/hotspot/share/interpreter/linkResolver.cpp, line 773]
Event: 24.554 Thread 0x00000171621d7800 Exception <a 'sun/nio/fs/WindowsException'{0x000000008ca91388}> (0x000000008ca91388) thrown at [./src/hotspot/share/prims/jni.cpp, line 615]
Event: 24.556 Thread 0x00000171621d6800 Exception <a 'sun/nio/fs/WindowsException'{0x000000008ca82b48}> (0x000000008ca82b48) thrown at [./src/hotspot/share/prims/jni.cpp, line 615]
Event: 24.557 Thread 0x0000017164f15800 Exception <a 'sun/nio/fs/WindowsException'{0x000000008cb359a8}> (0x000000008cb359a8) thrown at [./src/hotspot/share/prims/jni.cpp, line 615]
Event: 24.559 Thread 0x00000171621d6800 Exception <a 'sun/nio/fs/WindowsException'{0x000000008c9d22a8}> (0x000000008c9d22a8) thrown at [./src/hotspot/share/prims/jni.cpp, line 615]
Event: 24.563 Thread 0x00000171621d6800 Exception <a 'sun/nio/fs/WindowsException'{0x000000008c9dc888}> (0x000000008c9dc888) thrown at [./src/hotspot/share/prims/jni.cpp, line 615]
Event: 24.564 Thread 0x0000017164f1c000 Exception <a 'sun/nio/fs/WindowsException'{0x000000008ca542d8}> (0x000000008ca542d8) thrown at [./src/hotspot/share/prims/jni.cpp, line 615]
Event: 24.575 Thread 0x0000017164f1c000 Exception <a 'sun/nio/fs/WindowsException'{0x000000008fa01f90}> (0x000000008fa01f90) thrown at [./src/hotspot/share/prims/jni.cpp, line 615]
Event: 24.576 Thread 0x0000017164f15800 Exception <a 'sun/nio/fs/WindowsException'{0x000000008fa477f0}> (0x000000008fa477f0) thrown at [./src/hotspot/share/prims/jni.cpp, line 615]
Event: 24.587 Thread 0x0000017164f1c000 Exception <a 'sun/nio/fs/WindowsException'{0x000000008fa0c6b0}> (0x000000008fa0c6b0) thrown at [./src/hotspot/share/prims/jni.cpp, line 615]
Event: 24.594 Thread 0x0000017164f1c000 Exception <a 'sun/nio/fs/WindowsException'{0x000000008fa16410}> (0x000000008fa16410) thrown at [./src/hotspot/share/prims/jni.cpp, line 615]
Event: 24.601 Thread 0x0000017164f1c000 Exception <a 'sun/nio/fs/WindowsException'{0x000000008f628730}> (0x000000008f628730) thrown at [./src/hotspot/share/prims/jni.cpp, line 615]
Event: 24.603 Thread 0x0000017164f1c000 Exception <a 'sun/nio/fs/WindowsException'{0x000000008f631870}> (0x000000008f631870) thrown at [./src/hotspot/share/prims/jni.cpp, line 615]
Event: 24.610 Thread 0x00000171621d6800 Exception <a 'sun/nio/fs/WindowsException'{0x000000008f723f18}> (0x000000008f723f18) thrown at [./src/hotspot/share/prims/jni.cpp, line 615]
Event: 24.610 Thread 0x00000171621d7800 Exception <a 'sun/nio/fs/WindowsException'{0x000000008f808bf8}> (0x000000008f808bf8) thrown at [./src/hotspot/share/prims/jni.cpp, line 615]
Event: 24.615 Thread 0x00000171621d6800 Exception <a 'sun/nio/fs/WindowsException'{0x000000008f72d0f8}> (0x000000008f72d0f8) thrown at [./src/hotspot/share/prims/jni.cpp, line 615]
Event: 24.678 Thread 0x0000017164f15800 Exception <a 'sun/nio/fs/WindowsException'{0x000000008fa53138}> (0x000000008fa53138) thrown at [./src/hotspot/share/prims/jni.cpp, line 615]
Event: 25.121 Thread 0x0000017164f19800 Exception <a 'java/lang/NoSuchMethodError'{0x000000008dacf580}: <clinit>> (0x000000008dacf580) thrown at [./src/hotspot/share/prims/jni.cpp, line 1362]
Event: 25.225 Thread 0x00000171621da000 Exception <a 'sun/nio/fs/WindowsException'{0x000000008d6fadc0}> (0x000000008d6fadc0) thrown at [./src/hotspot/share/prims/jni.cpp, line 615]

Events (20 events):
Event: 28.013 loading class com/android/tools/r8/internal/GE done
Event: 28.013 loading class com/android/tools/r8/internal/GE
Event: 28.013 loading class com/android/tools/r8/internal/GE done
Event: 28.013 loading class com/android/tools/r8/internal/FE
Event: 28.013 loading class com/android/tools/r8/internal/FE done
Event: 28.013 loading class com/android/tools/r8/graph/G$j
Event: 28.013 loading class com/android/tools/r8/graph/G$j done
Event: 28.013 loading class com/android/tools/r8/graph/G$j
Event: 28.013 loading class com/android/tools/r8/graph/G$j done
Event: 28.013 loading class com/android/tools/r8/graph/G$j
Event: 28.013 loading class com/android/tools/r8/graph/G$j done
Event: 28.013 loading class com/android/tools/r8/graph/G$j
Event: 28.013 loading class com/android/tools/r8/graph/G$j done
Event: 28.013 loading class com/android/tools/r8/graph/G$j
Event: 28.013 loading class com/android/tools/r8/graph/G$j done
Event: 28.013 loading class com/android/tools/r8/graph/G$j
Event: 28.013 loading class com/android/tools/r8/graph/G$j done
Event: 28.014 loading class com/android/tools/r8/graph/G$j
Event: 28.014 loading class com/android/tools/r8/graph/G$j done
Event: 28.096 Executing VM operation: G1CollectForAllocation


Dynamic libraries:
0x00007ff62e900000 - 0x00007ff62e90a000 	G:\Andoid\jre\bin\java.exe
0x00007fff72230000 - 0x00007fff72444000 	C:\WINDOWS\SYSTEM32\ntdll.dll
0x00007fff5de90000 - 0x00007fff5dea7000 	C:\Program Files\Avast Software\Avast\aswhook.dll
0x00007fff70da0000 - 0x00007fff70e62000 	C:\WINDOWS\System32\KERNEL32.DLL
0x00007fff6f9c0000 - 0x00007fff6fd5c000 	C:\WINDOWS\System32\KERNELBASE.dll
0x00007fff6fe00000 - 0x00007fff6ff11000 	C:\WINDOWS\System32\ucrtbase.dll
0x00007fff66a40000 - 0x00007fff66a57000 	G:\Andoid\jre\bin\VCRUNTIME140.dll
0x00007fff69310000 - 0x00007fff69329000 	G:\Andoid\jre\bin\jli.dll
0x00007fff70fe0000 - 0x00007fff7118b000 	C:\WINDOWS\System32\USER32.dll
0x00007fff61760000 - 0x00007fff619ee000 	C:\WINDOWS\WinSxS\amd64_microsoft.windows.common-controls_6595b64144ccf1df_6.0.22621.436_none_a94247dbc10d8414\COMCTL32.dll
0x00007fff6ff90000 - 0x00007fff6ffb6000 	C:\WINDOWS\System32\win32u.dll
0x00007fff70040000 - 0x00007fff700e7000 	C:\WINDOWS\System32\msvcrt.dll
0x00007fff70630000 - 0x00007fff70659000 	C:\WINDOWS\System32\GDI32.dll
0x00007fff6f670000 - 0x00007fff6f782000 	C:\WINDOWS\System32\gdi32full.dll
0x00007fff6fd60000 - 0x00007fff6fdfa000 	C:\WINDOWS\System32\msvcp_win.dll
0x00007fff70e70000 - 0x00007fff70ea1000 	C:\WINDOWS\System32\IMM32.DLL
0x00007fff57c80000 - 0x00007fff57d1d000 	G:\Andoid\jre\bin\msvcp140.dll
0x00007fff0aa90000 - 0x00007fff0b55f000 	G:\Andoid\jre\bin\server\jvm.dll
0x00007fff70a80000 - 0x00007fff70b2e000 	C:\WINDOWS\System32\ADVAPI32.dll
0x00007fff70380000 - 0x00007fff70424000 	C:\WINDOWS\System32\sechost.dll
0x00007fff70b30000 - 0x00007fff70c45000 	C:\WINDOWS\System32\RPCRT4.dll
0x00007fff70eb0000 - 0x00007fff70eb8000 	C:\WINDOWS\System32\PSAPI.DLL
0x00007fff57f20000 - 0x00007fff57f29000 	C:\WINDOWS\SYSTEM32\WSOCK32.dll
0x00007fff683c0000 - 0x00007fff683f4000 	C:\WINDOWS\SYSTEM32\WINMM.dll
0x00007fff677e0000 - 0x00007fff677ea000 	C:\WINDOWS\SYSTEM32\VERSION.dll
0x00007fff70160000 - 0x00007fff701d1000 	C:\WINDOWS\System32\WS2_32.dll
0x00007fff6e7a0000 - 0x00007fff6e7b8000 	C:\WINDOWS\SYSTEM32\kernel.appcore.dll
0x00007fff5bb90000 - 0x00007fff5bba1000 	G:\Andoid\jre\bin\verify.dll
0x00007fff6ca60000 - 0x00007fff6cc8e000 	C:\WINDOWS\SYSTEM32\DBGHELP.DLL
0x00007fff70660000 - 0x00007fff709e9000 	C:\WINDOWS\System32\combase.dll
0x00007fff70cb0000 - 0x00007fff70d87000 	C:\WINDOWS\System32\OLEAUT32.dll
0x00007fff5c000000 - 0x00007fff5c032000 	C:\WINDOWS\SYSTEM32\dbgcore.DLL
0x00007fff6ffc0000 - 0x00007fff7003b000 	C:\WINDOWS\System32\bcryptPrimitives.dll
0x00007fff5b630000 - 0x00007fff5b659000 	G:\Andoid\jre\bin\java.dll
0x00007fff60c90000 - 0x00007fff60c9b000 	G:\Andoid\jre\bin\jimage.dll
0x00007fff59ab0000 - 0x00007fff59ac8000 	G:\Andoid\jre\bin\zip.dll
0x00007fff71610000 - 0x00007fff71deb000 	C:\WINDOWS\System32\SHELL32.dll
0x00007fff6d690000 - 0x00007fff6df44000 	C:\WINDOWS\SYSTEM32\windows.storage.dll
0x00007fff6d550000 - 0x00007fff6d68d000 	C:\WINDOWS\SYSTEM32\wintypes.dll
0x00007fff70ec0000 - 0x00007fff70fb1000 	C:\WINDOWS\System32\SHCORE.dll
0x00007fff70100000 - 0x00007fff7015e000 	C:\WINDOWS\System32\shlwapi.dll
0x00007fff6f5a0000 - 0x00007fff6f5c1000 	C:\WINDOWS\SYSTEM32\profapi.dll
0x00007fff50690000 - 0x00007fff506aa000 	G:\Andoid\jre\bin\net.dll
0x00007fff68ee0000 - 0x00007fff6900f000 	C:\WINDOWS\SYSTEM32\WINHTTP.dll
0x00007fff6ebf0000 - 0x00007fff6ec59000 	C:\WINDOWS\system32\mswsock.dll
0x00007fff47350000 - 0x00007fff47364000 	G:\Andoid\jre\bin\nio.dll
0x00007fff24cb0000 - 0x00007fff24cd7000 	C:\Users\nam\.gradle\native\8bec1ad78214c89d9ad589b4d07fe93259594b29d510b10fafb7a158f7737e5d\windows-amd64\native-platform.dll
0x00007fff12090000 - 0x00007fff121cd000 	C:\Users\nam\.gradle\native\53dbd7edfb1c66fb8903c78663c9afc45aea4f116125fa6feffd364cf09443e8\windows-amd64\native-platform-file-events.dll
0x00007fff60b60000 - 0x00007fff60b6a000 	G:\Andoid\jre\bin\management.dll
0x00007fff5ef70000 - 0x00007fff5ef7c000 	G:\Andoid\jre\bin\management_ext.dll
0x00007fff6ee10000 - 0x00007fff6ee2b000 	C:\WINDOWS\SYSTEM32\CRYPTSP.dll
0x00007fff6e710000 - 0x00007fff6e745000 	C:\WINDOWS\system32\rsaenh.dll
0x00007fff6eca0000 - 0x00007fff6ecc8000 	C:\WINDOWS\SYSTEM32\USERENV.dll
0x00007fff6f020000 - 0x00007fff6f048000 	C:\WINDOWS\SYSTEM32\bcrypt.dll
0x00007fff6ee30000 - 0x00007fff6ee3c000 	C:\WINDOWS\SYSTEM32\CRYPTBASE.dll
0x00007fff6e250000 - 0x00007fff6e27d000 	C:\WINDOWS\SYSTEM32\IPHLPAPI.DLL
0x00007fff70d90000 - 0x00007fff70d99000 	C:\WINDOWS\System32\NSI.dll
0x00007fff68ec0000 - 0x00007fff68ed9000 	C:\WINDOWS\SYSTEM32\dhcpcsvc6.DLL
0x00007fff68ea0000 - 0x00007fff68ebf000 	C:\WINDOWS\SYSTEM32\dhcpcsvc.DLL
0x00007fff6e280000 - 0x00007fff6e372000 	C:\WINDOWS\SYSTEM32\DNSAPI.dll

dbghelp: loaded successfully - version: 4.0.5 - missing functions: none
symbol engine: initialized successfully - sym options: 0x614 - pdb path: .;G:\Andoid\jre\bin;C:\WINDOWS\SYSTEM32;C:\Program Files\Avast Software\Avast;C:\WINDOWS\WinSxS\amd64_microsoft.windows.common-controls_6595b64144ccf1df_6.0.22621.436_none_a94247dbc10d8414;G:\Andoid\jre\bin\server;C:\Users\nam\.gradle\native\8bec1ad78214c89d9ad589b4d07fe93259594b29d510b10fafb7a158f7737e5d\windows-amd64;C:\Users\nam\.gradle\native\53dbd7edfb1c66fb8903c78663c9afc45aea4f116125fa6feffd364cf09443e8\windows-amd64

VM Arguments:
jvm_args: --add-opens=java.base/java.util=ALL-UNNAMED --add-opens=java.base/java.lang=ALL-UNNAMED --add-opens=java.base/java.lang.invoke=ALL-UNNAMED --add-opens=java.base/java.util=ALL-UNNAMED --add-opens=java.prefs/java.util.prefs=ALL-UNNAMED --add-opens=java.prefs/java.util.prefs=ALL-UNNAMED --add-opens=java.base/java.nio.charset=ALL-UNNAMED --add-opens=java.base/java.net=ALL-UNNAMED --add-opens=java.base/java.util.concurrent.atomic=ALL-UNNAMED -Xmx2048m -Dfile.encoding=UTF-8 -Duser.country=AU -Duser.language=en -Duser.variant 
java_command: org.gradle.launcher.daemon.bootstrap.GradleDaemon 7.0.2
java_class_path (initial): C:\Users\nam\.gradle\wrapper\dists\gradle-7.0.2-bin\857tjihv64xamwrf0h14cai3r\gradle-7.0.2\lib\gradle-launcher-7.0.2.jar
Launcher Type: SUN_STANDARD

[Global flags]
     intx CICompilerCount                          = 4                                         {product} {ergonomic}
     uint ConcGCThreads                            = 2                                         {product} {ergonomic}
     uint G1ConcRefinementThreads                  = 8                                         {product} {ergonomic}
   size_t G1HeapRegionSize                         = 1048576                                   {product} {ergonomic}
    uintx GCDrainStackTargetSize                   = 64                                        {product} {ergonomic}
   size_t InitialHeapSize                          = 132120576                                 {product} {ergonomic}
   size_t MarkStackSize                            = 4194304                                   {product} {ergonomic}
   size_t MaxHeapSize                              = 2147483648                                {product} {command line}
   size_t MaxNewSize                               = 1287651328                                {product} {ergonomic}
   size_t MinHeapDeltaBytes                        = 1048576                                   {product} {ergonomic}
    uintx NonNMethodCodeHeapSize                   = 5836300                                {pd product} {ergonomic}
    uintx NonProfiledCodeHeapSize                  = 122910970                              {pd product} {ergonomic}
    uintx ProfiledCodeHeapSize                     = 122910970                              {pd product} {ergonomic}
    uintx ReservedCodeCacheSize                    = 251658240                              {pd product} {ergonomic}
     bool SegmentedCodeCache                       = true                                      {product} {ergonomic}
     bool UseCompressedClassPointers               = true                                 {lp64_product} {ergonomic}
     bool UseCompressedOops                        = true                                 {lp64_product} {ergonomic}
     bool UseG1GC                                  = true                                      {product} {ergonomic}
     bool UseLargePagesIndividualAllocation        = false                                  {pd product} {ergonomic}

Logging:
Log output configuration:
 #0: stdout all=warning uptime,level,tags
 #1: stderr all=off uptime,level,tags

Environment Variables:
JAVA_HOME=C:\Program Files\Java\jdk-16.0.2
PATH=C:\Program Files\Common Files\Oracle\Java\javapath;C:\Windows\system32;C:\Windows;C:\Windows\System32\Wbem;C:\Windows\System32\WindowsPowerShell\v1.0\;C:\Windows\System32\OpenSSH\;C:\Program Files (x86)\NVIDIA Corporation\PhysX\Common;C:\Program Files\NVIDIA Corporation\NVIDIA NvDLISR;C:\WINDOWS\system32;C:\WINDOWS;C:\WINDOWS\System32\Wbem;C:\WINDOWS\System32\WindowsPowerShell\v1.0\;C:\WINDOWS\System32\OpenSSH\;C:\Users\nam\Downloads;C:\Program Files\Java\jdk-16.0.2\bin;C:\Program Files (x86)\Microsoft SQL Server\110\Tools\Binn\;C:\Program Files\Microsoft SQL Server\110\Tools\Binn\;C:\Program Files\Microsoft SQL Server\110\DTS\Binn\;C:\Program Files (x86)\Microsoft SQL Server\110\Tools\Binn\ManagementStudio\;C:\Program Files (x86)\Microsoft Visual Studio 10.0\Common7\IDE\PrivateAssemblies\;C:\Program Files (x86)\Microsoft SQL Server\110\DTS\Binn\;C:\Program Files\nodejs\;C:\sqlite3;C:\Program Files\Microsoft SQL Server\Client SDK\ODBC\170\Tools\Binn\;C:\Program Files (x86)\Microsoft SQL Server\150\Tools\Binn\;C:\Program Files\Microsoft SQL Server\150\Tools\Binn\;C:\Program Files\Microsoft SQL Server\150\DTS\Binn\;C:\Program Files (x86)\Microsoft SQL Server\150\DTS\Binn\;C:\Program Files\Azure Data Studio\bin;C:\Users\nam\AppData\Local\Programs\Python\Python39\Scripts\;C:\Users\nam\AppData\Local\Programs\Python\Python39\;C:\Users\nam\AppData\Local\Microsoft\WindowsApps;C:\Users\nam\AppData\Local\Programs\Microsoft VS Code\bin;C:\Users\nam\AppData\Roaming\npm;C:\Program Files\Azure Data Studio\bin;C:\Users\nam\AppData\Local\GitHubDesktop\bin
USERNAME=nam
OS=Windows_NT
PROCESSOR_IDENTIFIER=Intel64 Family 6 Model 165 Stepping 2, GenuineIntel



---------------  S Y S T E M  ---------------

OS: Windows 10 , 64 bit Build 22621 (10.0.22621.436)
OS uptime: 11 days 6:55 hours
Hyper-V role detected

CPU:total 8 (initial active 8) (4 cores per cpu, 2 threads per core) family 6 model 165 stepping 2 microcode 0xe0, cmov, cx8, fxsr, mmx, sse, sse2, sse3, ssse3, sse4.1, sse4.2, popcnt, avx, avx2, aes, clmul, erms, 3dnowpref, lzcnt, ht, tsc, tscinvbit, bmi1, bmi2, adx, fma

Memory: 4k page, system-wide physical 8029M (89M free)
TotalPageFile size 20528M (AvailPageFile size 99M)
current process WorkingSet (physical memory assigned to process): 499M, peak: 503M
current process commit charge ("private bytes"): 671M, peak: 909M

vm_info: OpenJDK 64-Bit Server VM (11.0.10+0-b96-7249189) for windows-amd64 JRE (11.0.10+0-b96-7249189), built on Mar 31 2021 21:44:00 by "builder" with MS VC++ 14.0 (VS2015)

END.
